<?xml version="1.0" encoding="UTF-8"?>
<testsuite xmlns:xsi="http://www.w3.org/2001/XMLSchema-instance" xsi:noNamespaceSchemaLocation="https://maven.apache.org/surefire/maven-surefire-plugin/xsd/surefire-test-report-3.0.xsd" version="3.0" name="org.jhotdraw8.collection.champ.ChampSequencedSetTest" time="0.448" tests="310" errors="0" skipped="0" failures="0">
  <properties>
[...]
</properties>
  <testcase name="testRetainAllWithSomeContainedElementsShouldReturnTrue(SetData)[1]" classname="org.jhotdraw8.collection.champ.ChampSequencedSetTest" time="0.01"/>
  <testcase name="testRetainAllWithSomeContainedElementsShouldReturnTrue(SetData)[2]" classname="org.jhotdraw8.collection.champ.ChampSequencedSetTest" time="0.001"/>
  <testcase name="testRetainAllWithSomeContainedElementsShouldReturnTrue(SetData)[3]" classname="org.jhotdraw8.collection.champ.ChampSequencedSetTest" time="0.001"/>
  <testcase name="testRetainAllWithSomeContainedElementsShouldReturnTrue(SetData)[4]" classname="org.jhotdraw8.collection.champ.ChampSequencedSetTest" time="0.001"/>
  <testcase name="testAddAllWithSelfShouldReturnFalse(SetData)[1]" classname="org.jhotdraw8.collection.champ.ChampSequencedSetTest" time="0"/>
  <testcase name="testAddAllWithSelfShouldReturnFalse(SetData)[2]" classname="org.jhotdraw8.collection.champ.ChampSequencedSetTest" time="0.002"/>
  <testcase name="testAddAllWithSelfShouldReturnFalse(SetData)[3]" classname="org.jhotdraw8.collection.champ.ChampSequencedSetTest" time="0"/>
  <testcase name="testAddAllWithSelfShouldReturnFalse(SetData)[4]" classname="org.jhotdraw8.collection.champ.ChampSequencedSetTest" time="0"/>
  <testcase name="testCloneShouldYieldEqualSet(SetData)[1]" classname="org.jhotdraw8.collection.champ.ChampSequencedSetTest" time="0.001"/>
  <testcase name="testCloneShouldYieldEqualSet(SetData)[2]" classname="org.jhotdraw8.collection.champ.ChampSequencedSetTest" time="0"/>
  <testcase name="testCloneShouldYieldEqualSet(SetData)[3]" classname="org.jhotdraw8.collection.champ.ChampSequencedSetTest" time="0"/>
  <testcase name="testCloneShouldYieldEqualSet(SetData)[4]" classname="org.jhotdraw8.collection.champ.ChampSequencedSetTest" time="0.001"/>
  <testcase name="testClearShouldYieldEmptySet(SetData)[1]" classname="org.jhotdraw8.collection.champ.ChampSequencedSetTest" time="0.001"/>
  <testcase name="testClearShouldYieldEmptySet(SetData)[2]" classname="org.jhotdraw8.collection.champ.ChampSequencedSetTest" time="0"/>
  <testcase name="testClearShouldYieldEmptySet(SetData)[3]" classname="org.jhotdraw8.collection.champ.ChampSequencedSetTest" time="0"/>
  <testcase name="testClearShouldYieldEmptySet(SetData)[4]" classname="org.jhotdraw8.collection.champ.ChampSequencedSetTest" time="0"/>
  <testcase name="testRetainAllWithEmptySetShouldReturnTrue(SetData)[1]" classname="org.jhotdraw8.collection.champ.ChampSequencedSetTest" time="0.005"/>
  <testcase name="testRetainAllWithEmptySetShouldReturnTrue(SetData)[2]" classname="org.jhotdraw8.collection.champ.ChampSequencedSetTest" time="0"/>
  <testcase name="testRetainAllWithEmptySetShouldReturnTrue(SetData)[3]" classname="org.jhotdraw8.collection.champ.ChampSequencedSetTest" time="0"/>
  <testcase name="testRetainAllWithEmptySetShouldReturnTrue(SetData)[4]" classname="org.jhotdraw8.collection.champ.ChampSequencedSetTest" time="0"/>
  <testcase name="testRetainAllWithNewElementsShouldReturnTrue(SetData)[1]" classname="org.jhotdraw8.collection.champ.ChampSequencedSetTest" time="0.001"/>
  <testcase name="testRetainAllWithNewElementsShouldReturnTrue(SetData)[2]" classname="org.jhotdraw8.collection.champ.ChampSequencedSetTest" time="0"/>
  <testcase name="testRetainAllWithNewElementsShouldReturnTrue(SetData)[3]" classname="org.jhotdraw8.collection.champ.ChampSequencedSetTest" time="0.001"/>
  <testcase name="testRetainAllWithNewElementsShouldReturnTrue(SetData)[4]" classname="org.jhotdraw8.collection.champ.ChampSequencedSetTest" time="0"/>
  <testcase name="testNewInstanceSetArgsOfSameTypeShouldBeEqualToSet(SetData)[1]" classname="org.jhotdraw8.collection.champ.ChampSequencedSetTest" time="0.001"/>
  <testcase name="testNewInstanceSetArgsOfSameTypeShouldBeEqualToSet(SetData)[2]" classname="org.jhotdraw8.collection.champ.ChampSequencedSetTest" time="0.001"/>
  <testcase name="testNewInstanceSetArgsOfSameTypeShouldBeEqualToSet(SetData)[3]" classname="org.jhotdraw8.collection.champ.ChampSequencedSetTest" time="0"/>
  <testcase name="testNewInstanceSetArgsOfSameTypeShouldBeEqualToSet(SetData)[4]" classname="org.jhotdraw8.collection.champ.ChampSequencedSetTest" time="0"/>
  <testcase name="testAddAllWithSomeNewKeysShouldReturnTrue(SetData)[1]" classname="org.jhotdraw8.collection.champ.ChampSequencedSetTest" time="0"/>
  <testcase name="testAddAllWithSomeNewKeysShouldReturnTrue(SetData)[2]" classname="org.jhotdraw8.collection.champ.ChampSequencedSetTest" time="0"/>
  <testcase name="testAddAllWithSomeNewKeysShouldReturnTrue(SetData)[3]" classname="org.jhotdraw8.collection.champ.ChampSequencedSetTest" time="0"/>
  <testcase name="testAddAllWithSomeNewKeysShouldReturnTrue(SetData)[4]" classname="org.jhotdraw8.collection.champ.ChampSequencedSetTest" time="0.002"/>
  <testcase name="testEqualsWithCloneShouldYieldTrue(SetData)[1]" classname="org.jhotdraw8.collection.champ.ChampSequencedSetTest" time="0"/>
  <testcase name="testEqualsWithCloneShouldYieldTrue(SetData)[2]" classname="org.jhotdraw8.collection.champ.ChampSequencedSetTest" time="0.001"/>
  <testcase name="testEqualsWithCloneShouldYieldTrue(SetData)[3]" classname="org.jhotdraw8.collection.champ.ChampSequencedSetTest" time="0"/>
  <testcase name="testEqualsWithCloneShouldYieldTrue(SetData)[4]" classname="org.jhotdraw8.collection.champ.ChampSequencedSetTest" time="0.001"/>
  <testcase name="testRemoveAllWithNewKeyShouldReturnFalse(SetData)[1]" classname="org.jhotdraw8.collection.champ.ChampSequencedSetTest" time="0.001"/>
  <testcase name="testRemoveAllWithNewKeyShouldReturnFalse(SetData)[2]" classname="org.jhotdraw8.collection.champ.ChampSequencedSetTest" time="0"/>
  <testcase name="testRemoveAllWithNewKeyShouldReturnFalse(SetData)[3]" classname="org.jhotdraw8.collection.champ.ChampSequencedSetTest" time="0"/>
  <testcase name="testRemoveAllWithNewKeyShouldReturnFalse(SetData)[4]" classname="org.jhotdraw8.collection.champ.ChampSequencedSetTest" time="0.001"/>
  <testcase name="testAddWithNewElementShouldReturnTrue(SetData)[1]" classname="org.jhotdraw8.collection.champ.ChampSequencedSetTest" time="0.001"/>
  <testcase name="testAddWithNewElementShouldReturnTrue(SetData)[2]" classname="org.jhotdraw8.collection.champ.ChampSequencedSetTest" time="0.002"/>
  <testcase name="testAddWithNewElementShouldReturnTrue(SetData)[3]" classname="org.jhotdraw8.collection.champ.ChampSequencedSetTest" time="0.004"/>
  <testcase name="testAddWithNewElementShouldReturnTrue(SetData)[4]" classname="org.jhotdraw8.collection.champ.ChampSequencedSetTest" time="0.001"/>
  <testcase name="testRemoveAllOfEmptySetShouldReturnFalse(SetData)[1]" classname="org.jhotdraw8.collection.champ.ChampSequencedSetTest" time="0.001"/>
  <testcase name="testRemoveAllOfEmptySetShouldReturnFalse(SetData)[2]" classname="org.jhotdraw8.collection.champ.ChampSequencedSetTest" time="0"/>
  <testcase name="testRemoveAllOfEmptySetShouldReturnFalse(SetData)[3]" classname="org.jhotdraw8.collection.champ.ChampSequencedSetTest" time="0"/>
  <testcase name="testRemoveAllOfEmptySetShouldReturnFalse(SetData)[4]" classname="org.jhotdraw8.collection.champ.ChampSequencedSetTest" time="0"/>
  <testcase name="testAddAllWithCloneShouldReturnFalse(SetData)[1]" classname="org.jhotdraw8.collection.champ.ChampSequencedSetTest" time="0"/>
  <testcase name="testAddAllWithCloneShouldReturnFalse(SetData)[2]" classname="org.jhotdraw8.collection.champ.ChampSequencedSetTest" time="0"/>
  <testcase name="testAddAllWithCloneShouldReturnFalse(SetData)[3]" classname="org.jhotdraw8.collection.champ.ChampSequencedSetTest" time="0"/>
  <testcase name="testAddAllWithCloneShouldReturnFalse(SetData)[4]" classname="org.jhotdraw8.collection.champ.ChampSequencedSetTest" time="0"/>
  <testcase name="testHashCodeShouldYieldExpectedValue(SetData)[1]" classname="org.jhotdraw8.collection.champ.ChampSequencedSetTest" time="0"/>
  <testcase name="testHashCodeShouldYieldExpectedValue(SetData)[2]" classname="org.jhotdraw8.collection.champ.ChampSequencedSetTest" time="0.001"/>
  <testcase name="testHashCodeShouldYieldExpectedValue(SetData)[3]" classname="org.jhotdraw8.collection.champ.ChampSequencedSetTest" time="0.001"/>
  <testcase name="testHashCodeShouldYieldExpectedValue(SetData)[4]" classname="org.jhotdraw8.collection.champ.ChampSequencedSetTest" time="0.001"/>
  <testcase name="testEqualsWithNullShouldYieldFalse(SetData)[1]" classname="org.jhotdraw8.collection.champ.ChampSequencedSetTest" time="0.001"/>
  <testcase name="testEqualsWithNullShouldYieldFalse(SetData)[2]" classname="org.jhotdraw8.collection.champ.ChampSequencedSetTest" time="0"/>
  <testcase name="testEqualsWithNullShouldYieldFalse(SetData)[3]" classname="org.jhotdraw8.collection.champ.ChampSequencedSetTest" time="0"/>
  <testcase name="testEqualsWithNullShouldYieldFalse(SetData)[4]" classname="org.jhotdraw8.collection.champ.ChampSequencedSetTest" time="0.001"/>
  <testcase name="testRemoveAllWithContainedKeyShouldReturnTrue(SetData)[1]" classname="org.jhotdraw8.collection.champ.ChampSequencedSetTest" time="0"/>
  <testcase name="testRemoveAllWithContainedKeyShouldReturnTrue(SetData)[2]" classname="org.jhotdraw8.collection.champ.ChampSequencedSetTest" time="0"/>
  <testcase name="testRemoveAllWithContainedKeyShouldReturnTrue(SetData)[3]" classname="org.jhotdraw8.collection.champ.ChampSequencedSetTest" time="0"/>
  <testcase name="testRemoveAllWithContainedKeyShouldReturnTrue(SetData)[4]" classname="org.jhotdraw8.collection.champ.ChampSequencedSetTest" time="0.001"/>
  <testcase name="testEqualsWithObjectShouldYieldFalse(SetData)[1]" classname="org.jhotdraw8.collection.champ.ChampSequencedSetTest" time="0"/>
  <testcase name="testEqualsWithObjectShouldYieldFalse(SetData)[2]" classname="org.jhotdraw8.collection.champ.ChampSequencedSetTest" time="0"/>
  <testcase name="testEqualsWithObjectShouldYieldFalse(SetData)[3]" classname="org.jhotdraw8.collection.champ.ChampSequencedSetTest" time="0"/>
  <testcase name="testEqualsWithObjectShouldYieldFalse(SetData)[4]" classname="org.jhotdraw8.collection.champ.ChampSequencedSetTest" time="0"/>
  <testcase name="testAddAllWithSameTypeAndAllNewKeysShouldReturnTrue(SetData)[1]" classname="org.jhotdraw8.collection.champ.ChampSequencedSetTest" time="0.001"/>
  <testcase name="testAddAllWithSameTypeAndAllNewKeysShouldReturnTrue(SetData)[2]" classname="org.jhotdraw8.collection.champ.ChampSequencedSetTest" time="0"/>
  <testcase name="testAddAllWithSameTypeAndAllNewKeysShouldReturnTrue(SetData)[3]" classname="org.jhotdraw8.collection.champ.ChampSequencedSetTest" time="0"/>
  <testcase name="testAddAllWithSameTypeAndAllNewKeysShouldReturnTrue(SetData)[4]" classname="org.jhotdraw8.collection.champ.ChampSequencedSetTest" time="0.001"/>
  <testcase name="testSpliteratorShouldYieldElements(SetData)[1]" classname="org.jhotdraw8.collection.champ.ChampSequencedSetTest" time="0"/>
  <testcase name="testSpliteratorShouldYieldElements(SetData)[2]" classname="org.jhotdraw8.collection.champ.ChampSequencedSetTest" time="0"/>
  <testcase name="testSpliteratorShouldYieldElements(SetData)[3]" classname="org.jhotdraw8.collection.champ.ChampSequencedSetTest" time="0"/>
  <testcase name="testSpliteratorShouldYieldElements(SetData)[4]" classname="org.jhotdraw8.collection.champ.ChampSequencedSetTest" time="0.001"/>
  <testcase name="toArrayWithTemplateArgShouldYieldElements(SetData)[1]" classname="org.jhotdraw8.collection.champ.ChampSequencedSetTest" time="0.001"/>
  <testcase name="toArrayWithTemplateArgShouldYieldElements(SetData)[2]" classname="org.jhotdraw8.collection.champ.ChampSequencedSetTest" time="0.001"/>
  <testcase name="toArrayWithTemplateArgShouldYieldElements(SetData)[3]" classname="org.jhotdraw8.collection.champ.ChampSequencedSetTest" time="0.002"/>
  <testcase name="toArrayWithTemplateArgShouldYieldElements(SetData)[4]" classname="org.jhotdraw8.collection.champ.ChampSequencedSetTest" time="0.001"/>
  <testcase name="testSizeShouldReturnExpectedValue(SetData)[1]" classname="org.jhotdraw8.collection.champ.ChampSequencedSetTest" time="0"/>
  <testcase name="testSizeShouldReturnExpectedValue(SetData)[2]" classname="org.jhotdraw8.collection.champ.ChampSequencedSetTest" time="0"/>
  <testcase name="testSizeShouldReturnExpectedValue(SetData)[3]" classname="org.jhotdraw8.collection.champ.ChampSequencedSetTest" time="0"/>
  <testcase name="testSizeShouldReturnExpectedValue(SetData)[4]" classname="org.jhotdraw8.collection.champ.ChampSequencedSetTest" time="0.001"/>
  <testcase name="testRemoveWithContainedKeyShouldReturnOldValue(SetData)[1]" classname="org.jhotdraw8.collection.champ.ChampSequencedSetTest" time="0.001"/>
  <testcase name="testRemoveWithContainedKeyShouldReturnOldValue(SetData)[2]" classname="org.jhotdraw8.collection.champ.ChampSequencedSetTest" time="0.001"/>
  <testcase name="testRemoveWithContainedKeyShouldReturnOldValue(SetData)[3]" classname="org.jhotdraw8.collection.champ.ChampSequencedSetTest" time="0.001"/>
  <testcase name="testRemoveWithContainedKeyShouldReturnOldValue(SetData)[4]" classname="org.jhotdraw8.collection.champ.ChampSequencedSetTest" time="0.001"/>
  <testcase name="testNewInstanceNoArgsShouldBeEmpty" classname="org.jhotdraw8.collection.champ.ChampSequencedSetTest" time="0"/>
  <testcase name="toArrayShouldYieldElements(SetData)[1]" classname="org.jhotdraw8.collection.champ.ChampSequencedSetTest" time="0"/>
  <testcase name="toArrayShouldYieldElements(SetData)[2]" classname="org.jhotdraw8.collection.champ.ChampSequencedSetTest" time="0"/>
  <testcase name="toArrayShouldYieldElements(SetData)[3]" classname="org.jhotdraw8.collection.champ.ChampSequencedSetTest" time="0.002"/>
  <testcase name="toArrayShouldYieldElements(SetData)[4]" classname="org.jhotdraw8.collection.champ.ChampSequencedSetTest" time="0"/>
  <testcase name="testSerializationShouldYieldSameSet(SetData)[1]" classname="org.jhotdraw8.collection.champ.ChampSequencedSetTest" time="0.004"/>
  <testcase name="testSerializationShouldYieldSameSet(SetData)[2]" classname="org.jhotdraw8.collection.champ.ChampSequencedSetTest" time="0.001"/>
  <testcase name="testSerializationShouldYieldSameSet(SetData)[3]" classname="org.jhotdraw8.collection.champ.ChampSequencedSetTest" time="0.001"/>
  <testcase name="testSerializationShouldYieldSameSet(SetData)[4]" classname="org.jhotdraw8.collection.champ.ChampSequencedSetTest" time="0.001"/>
  <testcase name="testIteratorRemoveShouldRemoveElement(SetData)[1]" classname="org.jhotdraw8.collection.champ.ChampSequencedSetTest" time="0.001"/>
  <testcase name="testIteratorRemoveShouldRemoveElement(SetData)[2]" classname="org.jhotdraw8.collection.champ.ChampSequencedSetTest" time="0.001"/>
  <testcase name="testIteratorRemoveShouldRemoveElement(SetData)[3]" classname="org.jhotdraw8.collection.champ.ChampSequencedSetTest" time="0.003"/>
  <testcase name="testIteratorRemoveShouldRemoveElement(SetData)[4]" classname="org.jhotdraw8.collection.champ.ChampSequencedSetTest" time="0.001"/>
  <testcase name="testRetainAllWithSomeNewKeysShouldReturnTrue(SetData)[1]" classname="org.jhotdraw8.collection.champ.ChampSequencedSetTest" time="0"/>
  <testcase name="testRetainAllWithSomeNewKeysShouldReturnTrue(SetData)[2]" classname="org.jhotdraw8.collection.champ.ChampSequencedSetTest" time="0.001"/>
  <testcase name="testRetainAllWithSomeNewKeysShouldReturnTrue(SetData)[3]" classname="org.jhotdraw8.collection.champ.ChampSequencedSetTest" time="0"/>
  <testcase name="testRetainAllWithSomeNewKeysShouldReturnTrue(SetData)[4]" classname="org.jhotdraw8.collection.champ.ChampSequencedSetTest" time="0"/>
  <testcase name="testRemoveAllWithSomeContainedKeyShouldReturnTrue(SetData)[1]" classname="org.jhotdraw8.collection.champ.ChampSequencedSetTest" time="0"/>
  <testcase name="testRemoveAllWithSomeContainedKeyShouldReturnTrue(SetData)[2]" classname="org.jhotdraw8.collection.champ.ChampSequencedSetTest" time="0"/>
  <testcase name="testRemoveAllWithSomeContainedKeyShouldReturnTrue(SetData)[3]" classname="org.jhotdraw8.collection.champ.ChampSequencedSetTest" time="0.001"/>
  <testcase name="testRemoveAllWithSomeContainedKeyShouldReturnTrue(SetData)[4]" classname="org.jhotdraw8.collection.champ.ChampSequencedSetTest" time="0"/>
  <testcase name="testAddWithContainedElementShouldReturnFalse(SetData)[1]" classname="org.jhotdraw8.collection.champ.ChampSequencedSetTest" time="0.001"/>
  <testcase name="testAddWithContainedElementShouldReturnFalse(SetData)[2]" classname="org.jhotdraw8.collection.champ.ChampSequencedSetTest" time="0.002"/>
  <testcase name="testAddWithContainedElementShouldReturnFalse(SetData)[3]" classname="org.jhotdraw8.collection.champ.ChampSequencedSetTest" time="0.004"/>
  <testcase name="testAddWithContainedElementShouldReturnFalse(SetData)[4]" classname="org.jhotdraw8.collection.champ.ChampSequencedSetTest" time="0.002"/>
  <testcase name="testNewInstanceCapacityArgsShouldBeEmpty" classname="org.jhotdraw8.collection.champ.ChampSequencedSetTest" time="0"/>
  <testcase name="testRemoveAllWithEmptyThisShouldReturnFalse(SetData)[1]" classname="org.jhotdraw8.collection.champ.ChampSequencedSetTest" time="0.001"/>
  <testcase name="testRemoveAllWithEmptyThisShouldReturnFalse(SetData)[2]" classname="org.jhotdraw8.collection.champ.ChampSequencedSetTest" time="0.001"/>
  <testcase name="testRemoveAllWithEmptyThisShouldReturnFalse(SetData)[3]" classname="org.jhotdraw8.collection.champ.ChampSequencedSetTest" time="0"/>
  <testcase name="testRemoveAllWithEmptyThisShouldReturnFalse(SetData)[4]" classname="org.jhotdraw8.collection.champ.ChampSequencedSetTest" time="0.001"/>
  <testcase name="testIsEmptyShouldReturnExpectedValue(SetData)[1]" classname="org.jhotdraw8.collection.champ.ChampSequencedSetTest" time="0"/>
  <testcase name="testIsEmptyShouldReturnExpectedValue(SetData)[2]" classname="org.jhotdraw8.collection.champ.ChampSequencedSetTest" time="0.001"/>
  <testcase name="testIsEmptyShouldReturnExpectedValue(SetData)[3]" classname="org.jhotdraw8.collection.champ.ChampSequencedSetTest" time="0.001"/>
  <testcase name="testIsEmptyShouldReturnExpectedValue(SetData)[4]" classname="org.jhotdraw8.collection.champ.ChampSequencedSetTest" time="0.001"/>
  <testcase name="testClearShouldBeIdempotent(SetData)[1]" classname="org.jhotdraw8.collection.champ.ChampSequencedSetTest" time="0"/>
  <testcase name="testClearShouldBeIdempotent(SetData)[2]" classname="org.jhotdraw8.collection.champ.ChampSequencedSetTest" time="0.001"/>
  <testcase name="testClearShouldBeIdempotent(SetData)[3]" classname="org.jhotdraw8.collection.champ.ChampSequencedSetTest" time="0"/>
  <testcase name="testClearShouldBeIdempotent(SetData)[4]" classname="org.jhotdraw8.collection.champ.ChampSequencedSetTest" time="0"/>
  <testcase name="testAddAllWithNewElementsShouldReturnTrue(SetData)[1]" classname="org.jhotdraw8.collection.champ.ChampSequencedSetTest" time="0"/>
  <testcase name="testAddAllWithNewElementsShouldReturnTrue(SetData)[2]" classname="org.jhotdraw8.collection.champ.ChampSequencedSetTest" time="0"/>
  <testcase name="testAddAllWithNewElementsShouldReturnTrue(SetData)[3]" classname="org.jhotdraw8.collection.champ.ChampSequencedSetTest" time="0.001"/>
  <testcase name="testAddAllWithNewElementsShouldReturnTrue(SetData)[4]" classname="org.jhotdraw8.collection.champ.ChampSequencedSetTest" time="0"/>
  <testcase name="testIteratorShouldYieldElements(SetData)[1]" classname="org.jhotdraw8.collection.champ.ChampSequencedSetTest" time="0"/>
  <testcase name="testIteratorShouldYieldElements(SetData)[2]" classname="org.jhotdraw8.collection.champ.ChampSequencedSetTest" time="0.002"/>
  <testcase name="testIteratorShouldYieldElements(SetData)[3]" classname="org.jhotdraw8.collection.champ.ChampSequencedSetTest" time="0.001"/>
  <testcase name="testIteratorShouldYieldElements(SetData)[4]" classname="org.jhotdraw8.collection.champ.ChampSequencedSetTest" time="0"/>
  <testcase name="testEqualWithThisShouldYieldTrue(SetData)[1]" classname="org.jhotdraw8.collection.champ.ChampSequencedSetTest" time="0"/>
  <testcase name="testEqualWithThisShouldYieldTrue(SetData)[2]" classname="org.jhotdraw8.collection.champ.ChampSequencedSetTest" time="0"/>
  <testcase name="testEqualWithThisShouldYieldTrue(SetData)[3]" classname="org.jhotdraw8.collection.champ.ChampSequencedSetTest" time="0"/>
  <testcase name="testEqualWithThisShouldYieldTrue(SetData)[4]" classname="org.jhotdraw8.collection.champ.ChampSequencedSetTest" time="0"/>
  <testcase name="testNewInstanceReadOnlySetArgsShouldBeEqualToSet(SetData)[1]" classname="org.jhotdraw8.collection.champ.ChampSequencedSetTest" time="0"/>
  <testcase name="testNewInstanceReadOnlySetArgsShouldBeEqualToSet(SetData)[2]" classname="org.jhotdraw8.collection.champ.ChampSequencedSetTest" time="0.001"/>
  <testcase name="testNewInstanceReadOnlySetArgsShouldBeEqualToSet(SetData)[3]" classname="org.jhotdraw8.collection.champ.ChampSequencedSetTest" time="0"/>
  <testcase name="testNewInstanceReadOnlySetArgsShouldBeEqualToSet(SetData)[4]" classname="org.jhotdraw8.collection.champ.ChampSequencedSetTest" time="0"/>
  <testcase name="testAddAllWithSameTypeAndSomeNewKeysShouldReturnTrue(SetData)[1]" classname="org.jhotdraw8.collection.champ.ChampSequencedSetTest" time="0"/>
  <testcase name="testAddAllWithSameTypeAndSomeNewKeysShouldReturnTrue(SetData)[2]" classname="org.jhotdraw8.collection.champ.ChampSequencedSetTest" time="0.001"/>
  <testcase name="testAddAllWithSameTypeAndSomeNewKeysShouldReturnTrue(SetData)[3]" classname="org.jhotdraw8.collection.champ.ChampSequencedSetTest" time="0.001"/>
  <testcase name="testAddAllWithSameTypeAndSomeNewKeysShouldReturnTrue(SetData)[4]" classname="org.jhotdraw8.collection.champ.ChampSequencedSetTest" time="0"/>
  <testcase name="testNewInstanceSetArgsShouldBeEqualToSet(SetData)[1]" classname="org.jhotdraw8.collection.champ.ChampSequencedSetTest" time="0.001"/>
  <testcase name="testNewInstanceSetArgsShouldBeEqualToSet(SetData)[2]" classname="org.jhotdraw8.collection.champ.ChampSequencedSetTest" time="0"/>
  <testcase name="testNewInstanceSetArgsShouldBeEqualToSet(SetData)[3]" classname="org.jhotdraw8.collection.champ.ChampSequencedSetTest" time="0.001"/>
  <testcase name="testNewInstanceSetArgsShouldBeEqualToSet(SetData)[4]" classname="org.jhotdraw8.collection.champ.ChampSequencedSetTest" time="0"/>
  <testcase name="testRetainAllWithSameTypeAndSomeNewKeysShouldReturnTrue(SetData)[1]" classname="org.jhotdraw8.collection.champ.ChampSequencedSetTest" time="0.001"/>
  <testcase name="testRetainAllWithSameTypeAndSomeNewKeysShouldReturnTrue(SetData)[2]" classname="org.jhotdraw8.collection.champ.ChampSequencedSetTest" time="0"/>
  <testcase name="testRetainAllWithSameTypeAndSomeNewKeysShouldReturnTrue(SetData)[3]" classname="org.jhotdraw8.collection.champ.ChampSequencedSetTest" time="0.001"/>
  <testcase name="testRetainAllWithSameTypeAndSomeNewKeysShouldReturnTrue(SetData)[4]" classname="org.jhotdraw8.collection.champ.ChampSequencedSetTest" time="0.001"/>
  <testcase name="testContainsShouldYieldExpectedValue(SetData)[1]" classname="org.jhotdraw8.collection.champ.ChampSequencedSetTest" time="0"/>
  <testcase name="testContainsShouldYieldExpectedValue(SetData)[2]" classname="org.jhotdraw8.collection.champ.ChampSequencedSetTest" time="0"/>
  <testcase name="testContainsShouldYieldExpectedValue(SetData)[3]" classname="org.jhotdraw8.collection.champ.ChampSequencedSetTest" time="0.001"/>
  <testcase name="testContainsShouldYieldExpectedValue(SetData)[4]" classname="org.jhotdraw8.collection.champ.ChampSequencedSetTest" time="0"/>
  <testcase name="testRetainAllOfEmptySetShouldReturnFalse(SetData)[1]" classname="org.jhotdraw8.collection.champ.ChampSequencedSetTest" time="0.001"/>
  <testcase name="testRetainAllOfEmptySetShouldReturnFalse(SetData)[2]" classname="org.jhotdraw8.collection.champ.ChampSequencedSetTest" time="0.002"/>
  <testcase name="testRetainAllOfEmptySetShouldReturnFalse(SetData)[3]" classname="org.jhotdraw8.collection.champ.ChampSequencedSetTest" time="0"/>
  <testcase name="testRetainAllOfEmptySetShouldReturnFalse(SetData)[4]" classname="org.jhotdraw8.collection.champ.ChampSequencedSetTest" time="0"/>
  <testcase name="testContainsAllShouldYieldExpectedValue(SetData)[1]" classname="org.jhotdraw8.collection.champ.ChampSequencedSetTest" time="0"/>
  <testcase name="testContainsAllShouldYieldExpectedValue(SetData)[2]" classname="org.jhotdraw8.collection.champ.ChampSequencedSetTest" time="0"/>
  <testcase name="testContainsAllShouldYieldExpectedValue(SetData)[3]" classname="org.jhotdraw8.collection.champ.ChampSequencedSetTest" time="0"/>
  <testcase name="testContainsAllShouldYieldExpectedValue(SetData)[4]" classname="org.jhotdraw8.collection.champ.ChampSequencedSetTest" time="0"/>
  <testcase name="testToStringShouldContainAllElements(SetData)[1]" classname="org.jhotdraw8.collection.champ.ChampSequencedSetTest" time="0.001"/>
  <testcase name="testToStringShouldContainAllElements(SetData)[2]" classname="org.jhotdraw8.collection.champ.ChampSequencedSetTest" time="0"/>
  <testcase name="testToStringShouldContainAllElements(SetData)[3]" classname="org.jhotdraw8.collection.champ.ChampSequencedSetTest" time="0"/>
  <testcase name="testToStringShouldContainAllElements(SetData)[4]" classname="org.jhotdraw8.collection.champ.ChampSequencedSetTest" time="0.001"/>
  <testcase name="testRemoveAllWithThisShouldReturnTrue(SetData)[1]" classname="org.jhotdraw8.collection.champ.ChampSequencedSetTest" time="0"/>
  <testcase name="testRemoveAllWithThisShouldReturnTrue(SetData)[2]" classname="org.jhotdraw8.collection.champ.ChampSequencedSetTest" time="0.001"/>
  <testcase name="testRemoveAllWithThisShouldReturnTrue(SetData)[3]" classname="org.jhotdraw8.collection.champ.ChampSequencedSetTest" time="0"/>
  <testcase name="testRemoveAllWithThisShouldReturnTrue(SetData)[4]" classname="org.jhotdraw8.collection.champ.ChampSequencedSetTest" time="0"/>
  <testcase name="testRemoveWithNewElementShouldReturnFalse(SetData)[1]" classname="org.jhotdraw8.collection.champ.ChampSequencedSetTest" time="0.001"/>
  <testcase name="testRemoveWithNewElementShouldReturnFalse(SetData)[2]" classname="org.jhotdraw8.collection.champ.ChampSequencedSetTest" time="0.001"/>
  <testcase name="testRemoveWithNewElementShouldReturnFalse(SetData)[3]" classname="org.jhotdraw8.collection.champ.ChampSequencedSetTest" time="0.003"/>
  <testcase name="testRemoveWithNewElementShouldReturnFalse(SetData)[4]" classname="org.jhotdraw8.collection.champ.ChampSequencedSetTest" time="0.002"/>
  <testcase name="testAddAllWithContainedElementsShouldReturnFalse(SetData)[1]" classname="org.jhotdraw8.collection.champ.ChampSequencedSetTest" time="0"/>
  <testcase name="testAddAllWithContainedElementsShouldReturnFalse(SetData)[2]" classname="org.jhotdraw8.collection.champ.ChampSequencedSetTest" time="0"/>
  <testcase name="testAddAllWithContainedElementsShouldReturnFalse(SetData)[3]" classname="org.jhotdraw8.collection.champ.ChampSequencedSetTest" time="0.001"/>
  <testcase name="testAddAllWithContainedElementsShouldReturnFalse(SetData)[4]" classname="org.jhotdraw8.collection.champ.ChampSequencedSetTest" time="0"/>
  <testcase name="testRetainAllWithContainedElementsShouldReturnFalse(SetData)[1]" classname="org.jhotdraw8.collection.champ.ChampSequencedSetTest" time="0"/>
  <testcase name="testRetainAllWithContainedElementsShouldReturnFalse(SetData)[2]" classname="org.jhotdraw8.collection.champ.ChampSequencedSetTest" time="0"/>
  <testcase name="testRetainAllWithContainedElementsShouldReturnFalse(SetData)[3]" classname="org.jhotdraw8.collection.champ.ChampSequencedSetTest" time="0.001"/>
  <testcase name="testRetainAllWithContainedElementsShouldReturnFalse(SetData)[4]" classname="org.jhotdraw8.collection.champ.ChampSequencedSetTest" time="0"/>
  <testcase name="testRetainAllWithSameTypeAndAllNewKeysShouldReturnTrue(SetData)[1]" classname="org.jhotdraw8.collection.champ.ChampSequencedSetTest" time="0"/>
  <testcase name="testRetainAllWithSameTypeAndAllNewKeysShouldReturnTrue(SetData)[2]" classname="org.jhotdraw8.collection.champ.ChampSequencedSetTest" time="0.001"/>
  <testcase name="testRetainAllWithSameTypeAndAllNewKeysShouldReturnTrue(SetData)[3]" classname="org.jhotdraw8.collection.champ.ChampSequencedSetTest" time="0"/>
  <testcase name="testRetainAllWithSameTypeAndAllNewKeysShouldReturnTrue(SetData)[4]" classname="org.jhotdraw8.collection.champ.ChampSequencedSetTest" time="0"/>
  <testcase name="testStreamShouldYieldElements(SetData)[1]" classname="org.jhotdraw8.collection.champ.ChampSequencedSetTest" time="0.001"/>
  <testcase name="testStreamShouldYieldElements(SetData)[2]" classname="org.jhotdraw8.collection.champ.ChampSequencedSetTest" time="0"/>
  <testcase name="testStreamShouldYieldElements(SetData)[3]" classname="org.jhotdraw8.collection.champ.ChampSequencedSetTest" time="0"/>
  <testcase name="testStreamShouldYieldElements(SetData)[4]" classname="org.jhotdraw8.collection.champ.ChampSequencedSetTest" time="0.001"/>
  <testcase name="testRetainAllWithSelfShouldReturnFalse(SetData)[1]" classname="org.jhotdraw8.collection.champ.ChampSequencedSetTest" time="0.001"/>
  <testcase name="testRetainAllWithSelfShouldReturnFalse(SetData)[2]" classname="org.jhotdraw8.collection.champ.ChampSequencedSetTest" time="0"/>
  <testcase name="testRetainAllWithSelfShouldReturnFalse(SetData)[3]" classname="org.jhotdraw8.collection.champ.ChampSequencedSetTest" time="0"/>
  <testcase name="testRetainAllWithSelfShouldReturnFalse(SetData)[4]" classname="org.jhotdraw8.collection.champ.ChampSequencedSetTest" time="0"/>
  <testcase name="testIteratorRemoveShouldThrowIllegalStateException(SetData)[1]" classname="org.jhotdraw8.collection.champ.ChampSequencedSetTest" time="0"/>
  <testcase name="testIteratorRemoveShouldThrowIllegalStateException(SetData)[2]" classname="org.jhotdraw8.collection.champ.ChampSequencedSetTest" time="0.001"/>
  <testcase name="testIteratorRemoveShouldThrowIllegalStateException(SetData)[3]" classname="org.jhotdraw8.collection.champ.ChampSequencedSetTest" time="0"/>
  <testcase name="testIteratorRemoveShouldThrowIllegalStateException(SetData)[4]" classname="org.jhotdraw8.collection.champ.ChampSequencedSetTest" time="0.002"/>
  <testcase name="testRetainAllWithCloneShouldReturnFalse(SetData)[1]" classname="org.jhotdraw8.collection.champ.ChampSequencedSetTest" time="0"/>
  <testcase name="testRetainAllWithCloneShouldReturnFalse(SetData)[2]" classname="org.jhotdraw8.collection.champ.ChampSequencedSetTest" time="0"/>
  <testcase name="testRetainAllWithCloneShouldReturnFalse(SetData)[3]" classname="org.jhotdraw8.collection.champ.ChampSequencedSetTest" time="0"/>
  <testcase name="testRetainAllWithCloneShouldReturnFalse(SetData)[4]" classname="org.jhotdraw8.collection.champ.ChampSequencedSetTest" time="0.001"/>
  <testcase name="testRemoveWithFirstElementShouldNotChangeSequence(SetData)[1]" classname="org.jhotdraw8.collection.champ.ChampSequencedSetTest" time="0.004"/>
  <testcase name="testRemoveWithFirstElementShouldNotChangeSequence(SetData)[2]" classname="org.jhotdraw8.collection.champ.ChampSequencedSetTest" time="0.001"/>
  <testcase name="testRemoveWithFirstElementShouldNotChangeSequence(SetData)[3]" classname="org.jhotdraw8.collection.champ.ChampSequencedSetTest" time="0.002"/>
  <testcase name="testRemoveWithFirstElementShouldNotChangeSequence(SetData)[4]" classname="org.jhotdraw8.collection.champ.ChampSequencedSetTest" time="0.002"/>
  <testcase name="testReversedAddFirstWithNewElementShouldMoveElementToLast(SetData)[1]" classname="org.jhotdraw8.collection.champ.ChampSequencedSetTest" time="0.002"/>
  <testcase name="testReversedAddFirstWithNewElementShouldMoveElementToLast(SetData)[2]" classname="org.jhotdraw8.collection.champ.ChampSequencedSetTest" time="0.002"/>
  <testcase name="testReversedAddFirstWithNewElementShouldMoveElementToLast(SetData)[3]" classname="org.jhotdraw8.collection.champ.ChampSequencedSetTest" time="0.002"/>
  <testcase name="testReversedAddFirstWithNewElementShouldMoveElementToLast(SetData)[4]" classname="org.jhotdraw8.collection.champ.ChampSequencedSetTest" time="0.002"/>
  <testcase name="testAddFirstWithNewElementShouldMoveElementToFirst(SetData)[1]" classname="org.jhotdraw8.collection.champ.ChampSequencedSetTest" time="0.003"/>
  <testcase name="testAddFirstWithNewElementShouldMoveElementToFirst(SetData)[2]" classname="org.jhotdraw8.collection.champ.ChampSequencedSetTest" time="0.003"/>
  <testcase name="testAddFirstWithNewElementShouldMoveElementToFirst(SetData)[3]" classname="org.jhotdraw8.collection.champ.ChampSequencedSetTest" time="0.001"/>
  <testcase name="testAddFirstWithNewElementShouldMoveElementToFirst(SetData)[4]" classname="org.jhotdraw8.collection.champ.ChampSequencedSetTest" time="0.001"/>
  <testcase name="testReversedShouldHaveReversedSequence(SetData)[1]" classname="org.jhotdraw8.collection.champ.ChampSequencedSetTest" time="0.001"/>
  <testcase name="testReversedShouldHaveReversedSequence(SetData)[2]" classname="org.jhotdraw8.collection.champ.ChampSequencedSetTest" time="0"/>
  <testcase name="testReversedShouldHaveReversedSequence(SetData)[3]" classname="org.jhotdraw8.collection.champ.ChampSequencedSetTest" time="0.001"/>
  <testcase name="testReversedShouldHaveReversedSequence(SetData)[4]" classname="org.jhotdraw8.collection.champ.ChampSequencedSetTest" time="0"/>
  <testcase name="testReversedAddLastWithContainedElementShouldMoveElementToFirst(SetData)[1]" classname="org.jhotdraw8.collection.champ.ChampSequencedSetTest" time="0.001"/>
  <testcase name="testReversedAddLastWithContainedElementShouldMoveElementToFirst(SetData)[2]" classname="org.jhotdraw8.collection.champ.ChampSequencedSetTest" time="0.001"/>
  <testcase name="testReversedAddLastWithContainedElementShouldMoveElementToFirst(SetData)[3]" classname="org.jhotdraw8.collection.champ.ChampSequencedSetTest" time="0.002"/>
  <testcase name="testReversedAddLastWithContainedElementShouldMoveElementToFirst(SetData)[4]" classname="org.jhotdraw8.collection.champ.ChampSequencedSetTest" time="0.001"/>
  <testcase name="testAddFirstWithContainedElementShouldMoveElementToFirst(SetData)[1]" classname="org.jhotdraw8.collection.champ.ChampSequencedSetTest" time="0.001"/>
  <testcase name="testAddFirstWithContainedElementShouldMoveElementToFirst(SetData)[2]" classname="org.jhotdraw8.collection.champ.ChampSequencedSetTest" time="0.002"/>
  <testcase name="testAddFirstWithContainedElementShouldMoveElementToFirst(SetData)[3]" classname="org.jhotdraw8.collection.champ.ChampSequencedSetTest" time="0.002"/>
  <testcase name="testAddFirstWithContainedElementShouldMoveElementToFirst(SetData)[4]" classname="org.jhotdraw8.collection.champ.ChampSequencedSetTest" time="0.001"/>
  <testcase name="testReversedAddLastWithNewElementShouldMoveElementToFirst(SetData)[1]" classname="org.jhotdraw8.collection.champ.ChampSequencedSetTest" time="0.002"/>
  <testcase name="testReversedAddLastWithNewElementShouldMoveElementToFirst(SetData)[2]" classname="org.jhotdraw8.collection.champ.ChampSequencedSetTest" time="0.003"/>
  <testcase name="testReversedAddLastWithNewElementShouldMoveElementToFirst(SetData)[3]" classname="org.jhotdraw8.collection.champ.ChampSequencedSetTest" time="0.003"/>
  <testcase name="testReversedAddLastWithNewElementShouldMoveElementToFirst(SetData)[4]" classname="org.jhotdraw8.collection.champ.ChampSequencedSetTest" time="0.002"/>
  <testcase name="testReversedAddWithNewElementShouldMoveElementToFirst(SetData)[1]" classname="org.jhotdraw8.collection.champ.ChampSequencedSetTest" time="0.002"/>
  <testcase name="testReversedAddWithNewElementShouldMoveElementToFirst(SetData)[2]" classname="org.jhotdraw8.collection.champ.ChampSequencedSetTest" time="0.001"/>
  <testcase name="testReversedAddWithNewElementShouldMoveElementToFirst(SetData)[3]" classname="org.jhotdraw8.collection.champ.ChampSequencedSetTest" time="0.001"/>
  <testcase name="testReversedAddWithNewElementShouldMoveElementToFirst(SetData)[4]" classname="org.jhotdraw8.collection.champ.ChampSequencedSetTest" time="0.001"/>
  <testcase name="testRemoveWithMiddleElementShouldNotChangeSequenc(SetData)[1]" classname="org.jhotdraw8.collection.champ.ChampSequencedSetTest" time="0.002"/>
  <testcase name="testRemoveWithMiddleElementShouldNotChangeSequenc(SetData)[2]" classname="org.jhotdraw8.collection.champ.ChampSequencedSetTest" time="0.001"/>
  <testcase name="testRemoveWithMiddleElementShouldNotChangeSequenc(SetData)[3]" classname="org.jhotdraw8.collection.champ.ChampSequencedSetTest" time="0.001"/>
  <testcase name="testRemoveWithMiddleElementShouldNotChangeSequenc(SetData)[4]" classname="org.jhotdraw8.collection.champ.ChampSequencedSetTest" time="0.001"/>
  <testcase name="testRemoveWithLastElementShouldNotChangeSequenc(SetData)[1]" classname="org.jhotdraw8.collection.champ.ChampSequencedSetTest" time="0.001"/>
  <testcase name="testRemoveWithLastElementShouldNotChangeSequenc(SetData)[2]" classname="org.jhotdraw8.collection.champ.ChampSequencedSetTest" time="0.001"/>
  <testcase name="testRemoveWithLastElementShouldNotChangeSequenc(SetData)[3]" classname="org.jhotdraw8.collection.champ.ChampSequencedSetTest" time="0.001"/>
  <testcase name="testRemoveWithLastElementShouldNotChangeSequenc(SetData)[4]" classname="org.jhotdraw8.collection.champ.ChampSequencedSetTest" time="0.001"/>
  <testcase name="testRemoveLastShouldNotChangeSequence(SetData)[1]" classname="org.jhotdraw8.collection.champ.ChampSequencedSetTest" time="0.001"/>
  <testcase name="testRemoveLastShouldNotChangeSequence(SetData)[2]" classname="org.jhotdraw8.collection.champ.ChampSequencedSetTest" time="0.001"/>
  <testcase name="testRemoveLastShouldNotChangeSequence(SetData)[3]" classname="org.jhotdraw8.collection.champ.ChampSequencedSetTest" time="0.003"/>
  <testcase name="testRemoveLastShouldNotChangeSequence(SetData)[4]" classname="org.jhotdraw8.collection.champ.ChampSequencedSetTest" time="0.001"/>
  <testcase name="testAddWithNewElementShouldMoveElementToLast(SetData)[1]" classname="org.jhotdraw8.collection.champ.ChampSequencedSetTest" time="0.001"/>
  <testcase name="testAddWithNewElementShouldMoveElementToLast(SetData)[2]" classname="org.jhotdraw8.collection.champ.ChampSequencedSetTest" time="0.002"/>
  <testcase name="testAddWithNewElementShouldMoveElementToLast(SetData)[3]" classname="org.jhotdraw8.collection.champ.ChampSequencedSetTest" time="0.001"/>
  <testcase name="testAddWithNewElementShouldMoveElementToLast(SetData)[4]" classname="org.jhotdraw8.collection.champ.ChampSequencedSetTest" time="0.001"/>
  <testcase name="testRemoveFirstWithEmptySetShouldThrowNoSuchElementException(SetData)[1]" classname="org.jhotdraw8.collection.champ.ChampSequencedSetTest" time="0.001"/>
  <testcase name="testRemoveFirstWithEmptySetShouldThrowNoSuchElementException(SetData)[2]" classname="org.jhotdraw8.collection.champ.ChampSequencedSetTest" time="0"/>
  <testcase name="testRemoveFirstWithEmptySetShouldThrowNoSuchElementException(SetData)[3]" classname="org.jhotdraw8.collection.champ.ChampSequencedSetTest" time="0.001"/>
  <testcase name="testRemoveFirstWithEmptySetShouldThrowNoSuchElementException(SetData)[4]" classname="org.jhotdraw8.collection.champ.ChampSequencedSetTest" time="0"/>
  <testcase name="testRemoveFirstShouldNotChangeSequence(SetData)[1]" classname="org.jhotdraw8.collection.champ.ChampSequencedSetTest" time="0.001"/>
  <testcase name="testRemoveFirstShouldNotChangeSequence(SetData)[2]" classname="org.jhotdraw8.collection.champ.ChampSequencedSetTest" time="0.001"/>
  <testcase name="testRemoveFirstShouldNotChangeSequence(SetData)[3]" classname="org.jhotdraw8.collection.champ.ChampSequencedSetTest" time="0.001"/>
  <testcase name="testRemoveFirstShouldNotChangeSequence(SetData)[4]" classname="org.jhotdraw8.collection.champ.ChampSequencedSetTest" time="0.001"/>
  <testcase name="testReadOnlyReversedShouldHaveReversedSequence(SetData)[1]" classname="org.jhotdraw8.collection.champ.ChampSequencedSetTest" time="0.003"/>
  <testcase name="testReadOnlyReversedShouldHaveReversedSequence(SetData)[2]" classname="org.jhotdraw8.collection.champ.ChampSequencedSetTest" time="0.001"/>
  <testcase name="testReadOnlyReversedShouldHaveReversedSequence(SetData)[3]" classname="org.jhotdraw8.collection.champ.ChampSequencedSetTest" time="0"/>
  <testcase name="testReadOnlyReversedShouldHaveReversedSequence(SetData)[4]" classname="org.jhotdraw8.collection.champ.ChampSequencedSetTest" time="0"/>
  <testcase name="testReversedOfReversedShouldHaveSameSequence(SetData)[1]" classname="org.jhotdraw8.collection.champ.ChampSequencedSetTest" time="0"/>
  <testcase name="testReversedOfReversedShouldHaveSameSequence(SetData)[2]" classname="org.jhotdraw8.collection.champ.ChampSequencedSetTest" time="0"/>
  <testcase name="testReversedOfReversedShouldHaveSameSequence(SetData)[3]" classname="org.jhotdraw8.collection.champ.ChampSequencedSetTest" time="0"/>
  <testcase name="testReversedOfReversedShouldHaveSameSequence(SetData)[4]" classname="org.jhotdraw8.collection.champ.ChampSequencedSetTest" time="0.002"/>
  <testcase name="testAddWithContainedElementShouldNotMoveElementToLast(SetData)[1]" classname="org.jhotdraw8.collection.champ.ChampSequencedSetTest" time="0.001"/>
  <testcase name="testAddWithContainedElementShouldNotMoveElementToLast(SetData)[2]" classname="org.jhotdraw8.collection.champ.ChampSequencedSetTest" time="0.001"/>
  <testcase name="testAddWithContainedElementShouldNotMoveElementToLast(SetData)[3]" classname="org.jhotdraw8.collection.champ.ChampSequencedSetTest" time="0.001"/>
  <testcase name="testAddWithContainedElementShouldNotMoveElementToLast(SetData)[4]" classname="org.jhotdraw8.collection.champ.ChampSequencedSetTest" time="0.001"/>
  <testcase name="testRemoveLastWithEmptySetShouldThrowNoSuchElementException(SetData)[1]" classname="org.jhotdraw8.collection.champ.ChampSequencedSetTest" time="0.001"/>
  <testcase name="testRemoveLastWithEmptySetShouldThrowNoSuchElementException(SetData)[2]" classname="org.jhotdraw8.collection.champ.ChampSequencedSetTest" time="0.001"/>
  <testcase name="testRemoveLastWithEmptySetShouldThrowNoSuchElementException(SetData)[3]" classname="org.jhotdraw8.collection.champ.ChampSequencedSetTest" time="0"/>
  <testcase name="testRemoveLastWithEmptySetShouldThrowNoSuchElementException(SetData)[4]" classname="org.jhotdraw8.collection.champ.ChampSequencedSetTest" time="0"/>
  <testcase name="testAddLastWithContainedElementShouldMoveElementToLast(SetData)[1]" classname="org.jhotdraw8.collection.champ.ChampSequencedSetTest" time="0.001"/>
  <testcase name="testAddLastWithContainedElementShouldMoveElementToLast(SetData)[2]" classname="org.jhotdraw8.collection.champ.ChampSequencedSetTest" time="0.003"/>
  <testcase name="testAddLastWithContainedElementShouldMoveElementToLast(SetData)[3]" classname="org.jhotdraw8.collection.champ.ChampSequencedSetTest" time="0.001"/>
  <testcase name="testAddLastWithContainedElementShouldMoveElementToLast(SetData)[4]" classname="org.jhotdraw8.collection.champ.ChampSequencedSetTest" time="0.001"/>
  <testcase name="testReversedRemoveFirstShouldNotChangeSequence(SetData)[1]" classname="org.jhotdraw8.collection.champ.ChampSequencedSetTest" time="0.001"/>
  <testcase name="testReversedRemoveFirstShouldNotChangeSequence(SetData)[2]" classname="org.jhotdraw8.collection.champ.ChampSequencedSetTest" time="0"/>
  <testcase name="testReversedRemoveFirstShouldNotChangeSequence(SetData)[3]" classname="org.jhotdraw8.collection.champ.ChampSequencedSetTest" time="0.001"/>
  <testcase name="testReversedRemoveFirstShouldNotChangeSequence(SetData)[4]" classname="org.jhotdraw8.collection.champ.ChampSequencedSetTest" time="0.001"/>
  <testcase name="testReversedContainsShouldYieldExpectedValue(SetData)[1]" classname="org.jhotdraw8.collection.champ.ChampSequencedSetTest" time="0"/>
  <testcase name="testReversedContainsShouldYieldExpectedValue(SetData)[2]" classname="org.jhotdraw8.collection.champ.ChampSequencedSetTest" time="0.001"/>
  <testcase name="testReversedContainsShouldYieldExpectedValue(SetData)[3]" classname="org.jhotdraw8.collection.champ.ChampSequencedSetTest" time="0.001"/>
  <testcase name="testReversedContainsShouldYieldExpectedValue(SetData)[4]" classname="org.jhotdraw8.collection.champ.ChampSequencedSetTest" time="0.001"/>
  <testcase name="testReversedRemoveLastShouldNotChangeSequence(SetData)[1]" classname="org.jhotdraw8.collection.champ.ChampSequencedSetTest" time="0.002"/>
  <testcase name="testReversedRemoveLastShouldNotChangeSequence(SetData)[2]" classname="org.jhotdraw8.collection.champ.ChampSequencedSetTest" time="0.001"/>
  <testcase name="testReversedRemoveLastShouldNotChangeSequence(SetData)[3]" classname="org.jhotdraw8.collection.champ.ChampSequencedSetTest" time="0.001"/>
  <testcase name="testReversedRemoveLastShouldNotChangeSequence(SetData)[4]" classname="org.jhotdraw8.collection.champ.ChampSequencedSetTest" time="0.001"/>
  <testcase name="testReversedAddFirstWithContainedElementShouldMoveElementToLast(SetData)[1]" classname="org.jhotdraw8.collection.champ.ChampSequencedSetTest" time="0.001"/>
  <testcase name="testReversedAddFirstWithContainedElementShouldMoveElementToLast(SetData)[2]" classname="org.jhotdraw8.collection.champ.ChampSequencedSetTest" time="0.001"/>
  <testcase name="testReversedAddFirstWithContainedElementShouldMoveElementToLast(SetData)[3]" classname="org.jhotdraw8.collection.champ.ChampSequencedSetTest" time="0.001"/>
  <testcase name="testReversedAddFirstWithContainedElementShouldMoveElementToLast(SetData)[4]" classname="org.jhotdraw8.collection.champ.ChampSequencedSetTest" time="0.002"/>
  <testcase name="testRemoveLastStartingWithEmptySetShouldNotChangeSequence(SetData)[1]" classname="org.jhotdraw8.collection.champ.ChampSequencedSetTest" time="0.001"/>
  <testcase name="testRemoveLastStartingWithEmptySetShouldNotChangeSequence(SetData)[2]" classname="org.jhotdraw8.collection.champ.ChampSequencedSetTest" time="0.001"/>
  <testcase name="testRemoveLastStartingWithEmptySetShouldNotChangeSequence(SetData)[3]" classname="org.jhotdraw8.collection.champ.ChampSequencedSetTest" time="0.002"/>
  <testcase name="testRemoveLastStartingWithEmptySetShouldNotChangeSequence(SetData)[4]" classname="org.jhotdraw8.collection.champ.ChampSequencedSetTest" time="0"/>
  <testcase name="testReadOnlyReversedOfReadOnlyReversedShouldHaveSameSequence(SetData)[1]" classname="org.jhotdraw8.collection.champ.ChampSequencedSetTest" time="0"/>
  <testcase name="testReadOnlyReversedOfReadOnlyReversedShouldHaveSameSequence(SetData)[2]" classname="org.jhotdraw8.collection.champ.ChampSequencedSetTest" time="0"/>
  <testcase name="testReadOnlyReversedOfReadOnlyReversedShouldHaveSameSequence(SetData)[3]" classname="org.jhotdraw8.collection.champ.ChampSequencedSetTest" time="0"/>
  <testcase name="testReadOnlyReversedOfReadOnlyReversedShouldHaveSameSequence(SetData)[4]" classname="org.jhotdraw8.collection.champ.ChampSequencedSetTest" time="0"/>
  <testcase name="testAddLastWithNewElementShouldMoveElementToLast(SetData)[1]" classname="org.jhotdraw8.collection.champ.ChampSequencedSetTest" time="0.002"/>
  <testcase name="testAddLastWithNewElementShouldMoveElementToLast(SetData)[2]" classname="org.jhotdraw8.collection.champ.ChampSequencedSetTest" time="0.001"/>
  <testcase name="testAddLastWithNewElementShouldMoveElementToLast(SetData)[3]" classname="org.jhotdraw8.collection.champ.ChampSequencedSetTest" time="0.001"/>
  <testcase name="testAddLastWithNewElementShouldMoveElementToLast(SetData)[4]" classname="org.jhotdraw8.collection.champ.ChampSequencedSetTest" time="0.001"/>
</testsuite>