<?xml version="1.0" encoding="UTF-8"?>
<testsuite xmlns:xsi="http://www.w3.org/2001/XMLSchema-instance" xsi:noNamespaceSchemaLocation="https://maven.apache.org/surefire/maven-surefire-plugin/xsd/surefire-test-report-3.0.xsd" version="3.0" name="org.jhotdraw8.collection.champ.ChampImmutableMapTest" time="0.15" tests="118" errors="0" skipped="0" failures="0">
  <properties>
[...]
</properties>
  <testcase name="testCloneShouldYieldEqualMap(MapData)[1]" classname="org.jhotdraw8.collection.champ.ChampImmutableMapTest" time="0.004"/>
  <testcase name="testCloneShouldYieldEqualMap(MapData)[2]" classname="org.jhotdraw8.collection.champ.ChampImmutableMapTest" time="0"/>
  <testcase name="testCloneShouldYieldEqualMap(MapData)[3]" classname="org.jhotdraw8.collection.champ.ChampImmutableMapTest" time="0"/>
  <testcase name="testCopyPutAllWithNewEntriesShouldReturnNewInstance(MapData)[1]" classname="org.jhotdraw8.collection.champ.ChampImmutableMapTest" time="0.001"/>
  <testcase name="testCopyPutAllWithNewEntriesShouldReturnNewInstance(MapData)[2]" classname="org.jhotdraw8.collection.champ.ChampImmutableMapTest" time="0.003"/>
  <testcase name="testCopyPutAllWithNewEntriesShouldReturnNewInstance(MapData)[3]" classname="org.jhotdraw8.collection.champ.ChampImmutableMapTest" time="0"/>
  <testcase name="testCopyRetainAllWithContainedKeysShouldReturnThis(MapData)[1]" classname="org.jhotdraw8.collection.champ.ChampImmutableMapTest" time="0"/>
  <testcase name="testCopyRetainAllWithContainedKeysShouldReturnThis(MapData)[2]" classname="org.jhotdraw8.collection.champ.ChampImmutableMapTest" time="0.001"/>
  <testcase name="testCopyRetainAllWithContainedKeysShouldReturnThis(MapData)[3]" classname="org.jhotdraw8.collection.champ.ChampImmutableMapTest" time="0"/>
  <testcase name="testIteratorRemoveShouldThrowException(MapData)[1]" classname="org.jhotdraw8.collection.champ.ChampImmutableMapTest" time="0"/>
  <testcase name="testIteratorRemoveShouldThrowException(MapData)[2]" classname="org.jhotdraw8.collection.champ.ChampImmutableMapTest" time="0"/>
  <testcase name="testIteratorRemoveShouldThrowException(MapData)[3]" classname="org.jhotdraw8.collection.champ.ChampImmutableMapTest" time="0"/>
  <testcase name="testEntryIteratorShouldYieldExpectedEntries(MapData)[1]" classname="org.jhotdraw8.collection.champ.ChampImmutableMapTest" time="0"/>
  <testcase name="testEntryIteratorShouldYieldExpectedEntries(MapData)[2]" classname="org.jhotdraw8.collection.champ.ChampImmutableMapTest" time="0.001"/>
  <testcase name="testEntryIteratorShouldYieldExpectedEntries(MapData)[3]" classname="org.jhotdraw8.collection.champ.ChampImmutableMapTest" time="0"/>
  <testcase name="testEqualsWithNullShouldYieldFalse(MapData)[1]" classname="org.jhotdraw8.collection.champ.ChampImmutableMapTest" time="0.001"/>
  <testcase name="testEqualsWithNullShouldYieldFalse(MapData)[2]" classname="org.jhotdraw8.collection.champ.ChampImmutableMapTest" time="0"/>
  <testcase name="testEqualsWithNullShouldYieldFalse(MapData)[3]" classname="org.jhotdraw8.collection.champ.ChampImmutableMapTest" time="0.001"/>
  <testcase name="testCopyRemoveWithContainedKeyShouldReturnNewInstance(MapData)[1]" classname="org.jhotdraw8.collection.champ.ChampImmutableMapTest" time="0.002"/>
  <testcase name="testCopyRemoveWithContainedKeyShouldReturnNewInstance(MapData)[2]" classname="org.jhotdraw8.collection.champ.ChampImmutableMapTest" time="0.005"/>
  <testcase name="testCopyRemoveWithContainedKeyShouldReturnNewInstance(MapData)[3]" classname="org.jhotdraw8.collection.champ.ChampImmutableMapTest" time="0.001"/>
  <testcase name="testCopyPutWithNewKeyShouldReturnNewInstance(MapData)[1]" classname="org.jhotdraw8.collection.champ.ChampImmutableMapTest" time="0.002"/>
  <testcase name="testCopyPutWithNewKeyShouldReturnNewInstance(MapData)[2]" classname="org.jhotdraw8.collection.champ.ChampImmutableMapTest" time="0.006"/>
  <testcase name="testCopyPutWithNewKeyShouldReturnNewInstance(MapData)[3]" classname="org.jhotdraw8.collection.champ.ChampImmutableMapTest" time="0.001"/>
  <testcase name="testGetOrDefaultWithContainedKeyShouldYieldValue(MapData)[1]" classname="org.jhotdraw8.collection.champ.ChampImmutableMapTest" time="0.001"/>
  <testcase name="testGetOrDefaultWithContainedKeyShouldYieldValue(MapData)[2]" classname="org.jhotdraw8.collection.champ.ChampImmutableMapTest" time="0.001"/>
  <testcase name="testGetOrDefaultWithContainedKeyShouldYieldValue(MapData)[3]" classname="org.jhotdraw8.collection.champ.ChampImmutableMapTest" time="0.002"/>
  <testcase name="testCopyRetainAllOfEmptyMapShouldReturnThis(MapData)[1]" classname="org.jhotdraw8.collection.champ.ChampImmutableMapTest" time="0"/>
  <testcase name="testCopyRetainAllOfEmptyMapShouldReturnThis(MapData)[2]" classname="org.jhotdraw8.collection.champ.ChampImmutableMapTest" time="0"/>
  <testcase name="testCopyRetainAllOfEmptyMapShouldReturnThis(MapData)[3]" classname="org.jhotdraw8.collection.champ.ChampImmutableMapTest" time="0"/>
  <testcase name="testEqualsWithObjectShouldYieldFalse(MapData)[1]" classname="org.jhotdraw8.collection.champ.ChampImmutableMapTest" time="0.001"/>
  <testcase name="testEqualsWithObjectShouldYieldFalse(MapData)[2]" classname="org.jhotdraw8.collection.champ.ChampImmutableMapTest" time="0"/>
  <testcase name="testEqualsWithObjectShouldYieldFalse(MapData)[3]" classname="org.jhotdraw8.collection.champ.ChampImmutableMapTest" time="0.001"/>
  <testcase name="testCopyRemoveWithNewKeyShouldReturnThis(MapData)[1]" classname="org.jhotdraw8.collection.champ.ChampImmutableMapTest" time="0.001"/>
  <testcase name="testCopyRemoveWithNewKeyShouldReturnThis(MapData)[2]" classname="org.jhotdraw8.collection.champ.ChampImmutableMapTest" time="0.004"/>
  <testcase name="testCopyRemoveWithNewKeyShouldReturnThis(MapData)[3]" classname="org.jhotdraw8.collection.champ.ChampImmutableMapTest" time="0.001"/>
  <testcase name="testCopyRetainAllWithSomeContainedKeysShouldReturnNewInstance(MapData)[1]" classname="org.jhotdraw8.collection.champ.ChampImmutableMapTest" time="0.002"/>
  <testcase name="testCopyRetainAllWithSomeContainedKeysShouldReturnNewInstance(MapData)[2]" classname="org.jhotdraw8.collection.champ.ChampImmutableMapTest" time="0.001"/>
  <testcase name="testCopyRetainAllWithSomeContainedKeysShouldReturnNewInstance(MapData)[3]" classname="org.jhotdraw8.collection.champ.ChampImmutableMapTest" time="0"/>
  <testcase name="testCopyRemoveAllOfEmptyMapShouldReturnThis(MapData)[1]" classname="org.jhotdraw8.collection.champ.ChampImmutableMapTest" time="0"/>
  <testcase name="testCopyRemoveAllOfEmptyMapShouldReturnThis(MapData)[2]" classname="org.jhotdraw8.collection.champ.ChampImmutableMapTest" time="0.001"/>
  <testcase name="testCopyRemoveAllOfEmptyMapShouldReturnThis(MapData)[3]" classname="org.jhotdraw8.collection.champ.ChampImmutableMapTest" time="0"/>
  <testcase name="testCopyRemoveAllWithEmptyMapShouldReturnThis(MapData)[1]" classname="org.jhotdraw8.collection.champ.ChampImmutableMapTest" time="0"/>
  <testcase name="testCopyRemoveAllWithEmptyMapShouldReturnThis(MapData)[2]" classname="org.jhotdraw8.collection.champ.ChampImmutableMapTest" time="0"/>
  <testcase name="testCopyRemoveAllWithEmptyMapShouldReturnThis(MapData)[3]" classname="org.jhotdraw8.collection.champ.ChampImmutableMapTest" time="0"/>
  <testcase name="testNewInstanceNoArgsShouldBeEmpty" classname="org.jhotdraw8.collection.champ.ChampImmutableMapTest" time="0"/>
  <testcase name="testCopyRemoveAllWithContainedKeyShouldReturnNewInstance(MapData)[1]" classname="org.jhotdraw8.collection.champ.ChampImmutableMapTest" time="0"/>
  <testcase name="testCopyRemoveAllWithContainedKeyShouldReturnNewInstance(MapData)[2]" classname="org.jhotdraw8.collection.champ.ChampImmutableMapTest" time="0.001"/>
  <testcase name="testCopyRemoveAllWithContainedKeyShouldReturnNewInstance(MapData)[3]" classname="org.jhotdraw8.collection.champ.ChampImmutableMapTest" time="0"/>
  <testcase name="testSerializationShouldYieldSameMap(MapData)[1]" classname="org.jhotdraw8.collection.champ.ChampImmutableMapTest" time="0.004"/>
  <testcase name="testSerializationShouldYieldSameMap(MapData)[2]" classname="org.jhotdraw8.collection.champ.ChampImmutableMapTest" time="0.001"/>
  <testcase name="testSerializationShouldYieldSameMap(MapData)[3]" classname="org.jhotdraw8.collection.champ.ChampImmutableMapTest" time="0"/>
  <testcase name="testCopyRetainAllWithEmptySetShouldReturnNewInstance(MapData)[1]" classname="org.jhotdraw8.collection.champ.ChampImmutableMapTest" time="0"/>
  <testcase name="testCopyRetainAllWithEmptySetShouldReturnNewInstance(MapData)[2]" classname="org.jhotdraw8.collection.champ.ChampImmutableMapTest" time="0.001"/>
  <testcase name="testCopyRetainAllWithEmptySetShouldReturnNewInstance(MapData)[3]" classname="org.jhotdraw8.collection.champ.ChampImmutableMapTest" time="0"/>
  <testcase name="testGetOrDefaultWithNonContainedKeyShouldYieldDefault(MapData)[1]" classname="org.jhotdraw8.collection.champ.ChampImmutableMapTest" time="0.001"/>
  <testcase name="testGetOrDefaultWithNonContainedKeyShouldYieldDefault(MapData)[2]" classname="org.jhotdraw8.collection.champ.ChampImmutableMapTest" time="0"/>
  <testcase name="testGetOrDefaultWithNonContainedKeyShouldYieldDefault(MapData)[3]" classname="org.jhotdraw8.collection.champ.ChampImmutableMapTest" time="0"/>
  <testcase name="testCopyPutWithContainedKeyButNewValueShouldReturnNewInstance(MapData)[1]" classname="org.jhotdraw8.collection.champ.ChampImmutableMapTest" time="0.002"/>
  <testcase name="testCopyPutWithContainedKeyButNewValueShouldReturnNewInstance(MapData)[2]" classname="org.jhotdraw8.collection.champ.ChampImmutableMapTest" time="0.013"/>
  <testcase name="testCopyPutWithContainedKeyButNewValueShouldReturnNewInstance(MapData)[3]" classname="org.jhotdraw8.collection.champ.ChampImmutableMapTest" time="0.002"/>
  <testcase name="testCopyClearShouldBeIdempotent(MapData)[1]" classname="org.jhotdraw8.collection.champ.ChampImmutableMapTest" time="0.001"/>
  <testcase name="testCopyClearShouldBeIdempotent(MapData)[2]" classname="org.jhotdraw8.collection.champ.ChampImmutableMapTest" time="0"/>
  <testcase name="testCopyClearShouldBeIdempotent(MapData)[3]" classname="org.jhotdraw8.collection.champ.ChampImmutableMapTest" time="0"/>
  <testcase name="testNewInstanceMapArgsShouldBeEqualToArg(MapData)[1]" classname="org.jhotdraw8.collection.champ.ChampImmutableMapTest" time="0"/>
  <testcase name="testNewInstanceMapArgsShouldBeEqualToArg(MapData)[2]" classname="org.jhotdraw8.collection.champ.ChampImmutableMapTest" time="0"/>
  <testcase name="testNewInstanceMapArgsShouldBeEqualToArg(MapData)[3]" classname="org.jhotdraw8.collection.champ.ChampImmutableMapTest" time="0.001"/>
  <testcase name="testCopyPutAllWithContainedEntriesShouldReturnThis(MapData)[1]" classname="org.jhotdraw8.collection.champ.ChampImmutableMapTest" time="0.001"/>
  <testcase name="testCopyPutAllWithContainedEntriesShouldReturnThis(MapData)[2]" classname="org.jhotdraw8.collection.champ.ChampImmutableMapTest" time="0"/>
  <testcase name="testCopyPutAllWithContainedEntriesShouldReturnThis(MapData)[3]" classname="org.jhotdraw8.collection.champ.ChampImmutableMapTest" time="0.001"/>
  <testcase name="testNewInstanceReadOnlyMapArgShouldBeEqualToARg(MapData)[1]" classname="org.jhotdraw8.collection.champ.ChampImmutableMapTest" time="0.001"/>
  <testcase name="testNewInstanceReadOnlyMapArgShouldBeEqualToARg(MapData)[2]" classname="org.jhotdraw8.collection.champ.ChampImmutableMapTest" time="0"/>
  <testcase name="testNewInstanceReadOnlyMapArgShouldBeEqualToARg(MapData)[3]" classname="org.jhotdraw8.collection.champ.ChampImmutableMapTest" time="0"/>
  <testcase name="testCopyPutAllWithSomeNewKeyShouldReturnNewInstance(MapData)[1]" classname="org.jhotdraw8.collection.champ.ChampImmutableMapTest" time="0"/>
  <testcase name="testCopyPutAllWithSomeNewKeyShouldReturnNewInstance(MapData)[2]" classname="org.jhotdraw8.collection.champ.ChampImmutableMapTest" time="0.001"/>
  <testcase name="testCopyPutAllWithSomeNewKeyShouldReturnNewInstance(MapData)[3]" classname="org.jhotdraw8.collection.champ.ChampImmutableMapTest" time="0.001"/>
  <testcase name="testEqualWithThisShouldYieldTrue(MapData)[1]" classname="org.jhotdraw8.collection.champ.ChampImmutableMapTest" time="0"/>
  <testcase name="testEqualWithThisShouldYieldTrue(MapData)[2]" classname="org.jhotdraw8.collection.champ.ChampImmutableMapTest" time="0"/>
  <testcase name="testEqualWithThisShouldYieldTrue(MapData)[3]" classname="org.jhotdraw8.collection.champ.ChampImmutableMapTest" time="0"/>
  <testcase name="testCopyClearShouldYieldEmptyMap(MapData)[1]" classname="org.jhotdraw8.collection.champ.ChampImmutableMapTest" time="0"/>
  <testcase name="testCopyClearShouldYieldEmptyMap(MapData)[2]" classname="org.jhotdraw8.collection.champ.ChampImmutableMapTest" time="0.001"/>
  <testcase name="testCopyClearShouldYieldEmptyMap(MapData)[3]" classname="org.jhotdraw8.collection.champ.ChampImmutableMapTest" time="0"/>
  <testcase name="testCopyPutAllWithSelfShouldReturnThis(MapData)[1]" classname="org.jhotdraw8.collection.champ.ChampImmutableMapTest" time="0"/>
  <testcase name="testCopyPutAllWithSelfShouldReturnThis(MapData)[2]" classname="org.jhotdraw8.collection.champ.ChampImmutableMapTest" time="0"/>
  <testcase name="testCopyPutAllWithSelfShouldReturnThis(MapData)[3]" classname="org.jhotdraw8.collection.champ.ChampImmutableMapTest" time="0.001"/>
  <testcase name="testContainsKeyShouldYieldExpectedValue(MapData)[1]" classname="org.jhotdraw8.collection.champ.ChampImmutableMapTest" time="0"/>
  <testcase name="testContainsKeyShouldYieldExpectedValue(MapData)[2]" classname="org.jhotdraw8.collection.champ.ChampImmutableMapTest" time="0.001"/>
  <testcase name="testContainsKeyShouldYieldExpectedValue(MapData)[3]" classname="org.jhotdraw8.collection.champ.ChampImmutableMapTest" time="0"/>
  <testcase name="testNewInstanceMapArgsOfSameTypeShouldBeEqualToArg(MapData)[1]" classname="org.jhotdraw8.collection.champ.ChampImmutableMapTest" time="0.001"/>
  <testcase name="testNewInstanceMapArgsOfSameTypeShouldBeEqualToArg(MapData)[2]" classname="org.jhotdraw8.collection.champ.ChampImmutableMapTest" time="0"/>
  <testcase name="testNewInstanceMapArgsOfSameTypeShouldBeEqualToArg(MapData)[3]" classname="org.jhotdraw8.collection.champ.ChampImmutableMapTest" time="0"/>
  <testcase name="testReadOnlyEntrySetContainsShouldYieldExpectedValue(MapData)[1]" classname="org.jhotdraw8.collection.champ.ChampImmutableMapTest" time="0"/>
  <testcase name="testReadOnlyEntrySetContainsShouldYieldExpectedValue(MapData)[2]" classname="org.jhotdraw8.collection.champ.ChampImmutableMapTest" time="0"/>
  <testcase name="testReadOnlyEntrySetContainsShouldYieldExpectedValue(MapData)[3]" classname="org.jhotdraw8.collection.champ.ChampImmutableMapTest" time="0"/>
  <testcase name="testGetOfEntryWithNullValueShouldYieldNull(MapData)[1]" classname="org.jhotdraw8.collection.champ.ChampImmutableMapTest" time="0"/>
  <testcase name="testGetOfEntryWithNullValueShouldYieldNull(MapData)[2]" classname="org.jhotdraw8.collection.champ.ChampImmutableMapTest" time="0"/>
  <testcase name="testGetOfEntryWithNullValueShouldYieldNull(MapData)[3]" classname="org.jhotdraw8.collection.champ.ChampImmutableMapTest" time="0"/>
  <testcase name="testCopyRemoveAllWithSomeContainedKeyShouldReturnNewInstance(MapData)[1]" classname="org.jhotdraw8.collection.champ.ChampImmutableMapTest" time="0"/>
  <testcase name="testCopyRemoveAllWithSomeContainedKeyShouldReturnNewInstance(MapData)[2]" classname="org.jhotdraw8.collection.champ.ChampImmutableMapTest" time="0.001"/>
  <testcase name="testCopyRemoveAllWithSomeContainedKeyShouldReturnNewInstance(MapData)[3]" classname="org.jhotdraw8.collection.champ.ChampImmutableMapTest" time="0"/>
  <testcase name="testNewInstanceIterableArgShouldBeEqualToArg(MapData)[1]" classname="org.jhotdraw8.collection.champ.ChampImmutableMapTest" time="0.002"/>
  <testcase name="testNewInstanceIterableArgShouldBeEqualToArg(MapData)[2]" classname="org.jhotdraw8.collection.champ.ChampImmutableMapTest" time="0.001"/>
  <testcase name="testNewInstanceIterableArgShouldBeEqualToArg(MapData)[3]" classname="org.jhotdraw8.collection.champ.ChampImmutableMapTest" time="0"/>
  <testcase name="testEntrySetContainsExpectedEntries(MapData)[1]" classname="org.jhotdraw8.collection.champ.ChampImmutableMapTest" time="0.001"/>
  <testcase name="testEntrySetContainsExpectedEntries(MapData)[2]" classname="org.jhotdraw8.collection.champ.ChampImmutableMapTest" time="0"/>
  <testcase name="testEntrySetContainsExpectedEntries(MapData)[3]" classname="org.jhotdraw8.collection.champ.ChampImmutableMapTest" time="0.001"/>
  <testcase name="testCopyPutWithContainedEntryShouldReturnThis(MapData)[1]" classname="org.jhotdraw8.collection.champ.ChampImmutableMapTest" time="0.001"/>
  <testcase name="testCopyPutWithContainedEntryShouldReturnThis(MapData)[2]" classname="org.jhotdraw8.collection.champ.ChampImmutableMapTest" time="0.004"/>
  <testcase name="testCopyPutWithContainedEntryShouldReturnThis(MapData)[3]" classname="org.jhotdraw8.collection.champ.ChampImmutableMapTest" time="0.001"/>
  <testcase name="testEqualsWithCloneWithUpdatedEntriesShouldYieldFalse(MapData)[1]" classname="org.jhotdraw8.collection.champ.ChampImmutableMapTest" time="0"/>
  <testcase name="testEqualsWithCloneWithUpdatedEntriesShouldYieldFalse(MapData)[2]" classname="org.jhotdraw8.collection.champ.ChampImmutableMapTest" time="0"/>
  <testcase name="testEqualsWithCloneWithUpdatedEntriesShouldYieldFalse(MapData)[3]" classname="org.jhotdraw8.collection.champ.ChampImmutableMapTest" time="0"/>
  <testcase name="testCopyPutAllWithContainedKeysButNewValuesShouldReturnNewInstance(MapData)[1]" classname="org.jhotdraw8.collection.champ.ChampImmutableMapTest" time="0.002"/>
  <testcase name="testCopyPutAllWithContainedKeysButNewValuesShouldReturnNewInstance(MapData)[2]" classname="org.jhotdraw8.collection.champ.ChampImmutableMapTest" time="0.001"/>
  <testcase name="testCopyPutAllWithContainedKeysButNewValuesShouldReturnNewInstance(MapData)[3]" classname="org.jhotdraw8.collection.champ.ChampImmutableMapTest" time="0"/>
  <testcase name="testToStringShouldContainAllEntries(MapData)[1]" classname="org.jhotdraw8.collection.champ.ChampImmutableMapTest" time="0"/>
  <testcase name="testToStringShouldContainAllEntries(MapData)[2]" classname="org.jhotdraw8.collection.champ.ChampImmutableMapTest" time="0"/>
  <testcase name="testToStringShouldContainAllEntries(MapData)[3]" classname="org.jhotdraw8.collection.champ.ChampImmutableMapTest" time="0"/>
</testsuite>