<?xml version="1.0" encoding="UTF-8"?>
<testsuite xmlns:xsi="http://www.w3.org/2001/XMLSchema-instance" xsi:noNamespaceSchemaLocation="https://maven.apache.org/surefire/maven-surefire-plugin/xsd/surefire-test-report-3.0.xsd" version="3.0" name="org.jhotdraw8.collection.champ.ChampImmutableSetTest" time="0.15" tests="193" errors="0" skipped="0" failures="0">
  <properties>
[...]
</properties>
  <testcase name="testNewInstanceReadOnlySetArgWithThisShouldBeEqualToArg(SetData)[1]" classname="org.jhotdraw8.collection.champ.ChampImmutableSetTest" time="0.001"/>
  <testcase name="testNewInstanceReadOnlySetArgWithThisShouldBeEqualToArg(SetData)[2]" classname="org.jhotdraw8.collection.champ.ChampImmutableSetTest" time="0.001"/>
  <testcase name="testNewInstanceReadOnlySetArgWithThisShouldBeEqualToArg(SetData)[3]" classname="org.jhotdraw8.collection.champ.ChampImmutableSetTest" time="0"/>
  <testcase name="testNewInstanceReadOnlySetArgWithThisShouldBeEqualToArg(SetData)[4]" classname="org.jhotdraw8.collection.champ.ChampImmutableSetTest" time="0"/>
  <testcase name="testCloneShouldYieldEqualSet(SetData)[1]" classname="org.jhotdraw8.collection.champ.ChampImmutableSetTest" time="0"/>
  <testcase name="testCloneShouldYieldEqualSet(SetData)[2]" classname="org.jhotdraw8.collection.champ.ChampImmutableSetTest" time="0"/>
  <testcase name="testCloneShouldYieldEqualSet(SetData)[3]" classname="org.jhotdraw8.collection.champ.ChampImmutableSetTest" time="0"/>
  <testcase name="testCloneShouldYieldEqualSet(SetData)[4]" classname="org.jhotdraw8.collection.champ.ChampImmutableSetTest" time="0"/>
  <testcase name="testCopyRetainAllWithSomeContainedElementsShouldReturnNewInstance(SetData)[1]" classname="org.jhotdraw8.collection.champ.ChampImmutableSetTest" time="0"/>
  <testcase name="testCopyRetainAllWithSomeContainedElementsShouldReturnNewInstance(SetData)[2]" classname="org.jhotdraw8.collection.champ.ChampImmutableSetTest" time="0.001"/>
  <testcase name="testCopyRetainAllWithSomeContainedElementsShouldReturnNewInstance(SetData)[3]" classname="org.jhotdraw8.collection.champ.ChampImmutableSetTest" time="0"/>
  <testcase name="testCopyRetainAllWithSomeContainedElementsShouldReturnNewInstance(SetData)[4]" classname="org.jhotdraw8.collection.champ.ChampImmutableSetTest" time="0"/>
  <testcase name="testCopyRetainAllWithSomeNewKeysShouldReturnNewInstance(SetData)[1]" classname="org.jhotdraw8.collection.champ.ChampImmutableSetTest" time="0"/>
  <testcase name="testCopyRetainAllWithSomeNewKeysShouldReturnNewInstance(SetData)[2]" classname="org.jhotdraw8.collection.champ.ChampImmutableSetTest" time="0.001"/>
  <testcase name="testCopyRetainAllWithSomeNewKeysShouldReturnNewInstance(SetData)[3]" classname="org.jhotdraw8.collection.champ.ChampImmutableSetTest" time="0"/>
  <testcase name="testCopyRetainAllWithSomeNewKeysShouldReturnNewInstance(SetData)[4]" classname="org.jhotdraw8.collection.champ.ChampImmutableSetTest" time="0"/>
  <testcase name="testNewInstanceSetArgsOfSameTypeShouldBeEqualToSet(SetData)[1]" classname="org.jhotdraw8.collection.champ.ChampImmutableSetTest" time="0.001"/>
  <testcase name="testNewInstanceSetArgsOfSameTypeShouldBeEqualToSet(SetData)[2]" classname="org.jhotdraw8.collection.champ.ChampImmutableSetTest" time="0"/>
  <testcase name="testNewInstanceSetArgsOfSameTypeShouldBeEqualToSet(SetData)[3]" classname="org.jhotdraw8.collection.champ.ChampImmutableSetTest" time="0"/>
  <testcase name="testNewInstanceSetArgsOfSameTypeShouldBeEqualToSet(SetData)[4]" classname="org.jhotdraw8.collection.champ.ChampImmutableSetTest" time="0"/>
  <testcase name="testEqualsWithCloneShouldYieldTrue(SetData)[1]" classname="org.jhotdraw8.collection.champ.ChampImmutableSetTest" time="0"/>
  <testcase name="testEqualsWithCloneShouldYieldTrue(SetData)[2]" classname="org.jhotdraw8.collection.champ.ChampImmutableSetTest" time="0"/>
  <testcase name="testEqualsWithCloneShouldYieldTrue(SetData)[3]" classname="org.jhotdraw8.collection.champ.ChampImmutableSetTest" time="0"/>
  <testcase name="testEqualsWithCloneShouldYieldTrue(SetData)[4]" classname="org.jhotdraw8.collection.champ.ChampImmutableSetTest" time="0"/>
  <testcase name="testCopyRetainAllWithContainedElementsShouldReturnThis(SetData)[1]" classname="org.jhotdraw8.collection.champ.ChampImmutableSetTest" time="0.001"/>
  <testcase name="testCopyRetainAllWithContainedElementsShouldReturnThis(SetData)[2]" classname="org.jhotdraw8.collection.champ.ChampImmutableSetTest" time="0"/>
  <testcase name="testCopyRetainAllWithContainedElementsShouldReturnThis(SetData)[3]" classname="org.jhotdraw8.collection.champ.ChampImmutableSetTest" time="0"/>
  <testcase name="testCopyRetainAllWithContainedElementsShouldReturnThis(SetData)[4]" classname="org.jhotdraw8.collection.champ.ChampImmutableSetTest" time="0"/>
  <testcase name="testCopyRemoveAllWithSetWithSomeContainedKeyShouldReturnNewInstance(SetData)[1]" classname="org.jhotdraw8.collection.champ.ChampImmutableSetTest" time="0.001"/>
  <testcase name="testCopyRemoveAllWithSetWithSomeContainedKeyShouldReturnNewInstance(SetData)[2]" classname="org.jhotdraw8.collection.champ.ChampImmutableSetTest" time="0"/>
  <testcase name="testCopyRemoveAllWithSetWithSomeContainedKeyShouldReturnNewInstance(SetData)[3]" classname="org.jhotdraw8.collection.champ.ChampImmutableSetTest" time="0"/>
  <testcase name="testCopyRemoveAllWithSetWithSomeContainedKeyShouldReturnNewInstance(SetData)[4]" classname="org.jhotdraw8.collection.champ.ChampImmutableSetTest" time="0"/>
  <testcase name="testIteratorRemoveShouldThrowException(SetData)[1]" classname="org.jhotdraw8.collection.champ.ChampImmutableSetTest" time="0.001"/>
  <testcase name="testIteratorRemoveShouldThrowException(SetData)[2]" classname="org.jhotdraw8.collection.champ.ChampImmutableSetTest" time="0"/>
  <testcase name="testIteratorRemoveShouldThrowException(SetData)[3]" classname="org.jhotdraw8.collection.champ.ChampImmutableSetTest" time="0"/>
  <testcase name="testIteratorRemoveShouldThrowException(SetData)[4]" classname="org.jhotdraw8.collection.champ.ChampImmutableSetTest" time="0"/>
  <testcase name="testCopyAddWithNewElementShouldReturnNewInstance(SetData)[1]" classname="org.jhotdraw8.collection.champ.ChampImmutableSetTest" time="0.002"/>
  <testcase name="testCopyAddWithNewElementShouldReturnNewInstance(SetData)[2]" classname="org.jhotdraw8.collection.champ.ChampImmutableSetTest" time="0.003"/>
  <testcase name="testCopyAddWithNewElementShouldReturnNewInstance(SetData)[3]" classname="org.jhotdraw8.collection.champ.ChampImmutableSetTest" time="0.003"/>
  <testcase name="testCopyAddWithNewElementShouldReturnNewInstance(SetData)[4]" classname="org.jhotdraw8.collection.champ.ChampImmutableSetTest" time="0.002"/>
  <testcase name="testCopyRemoveAllWithReadOnlySetWithSomeContainedKeyShouldReturnNewInstance(SetData)[1]" classname="org.jhotdraw8.collection.champ.ChampImmutableSetTest" time="0.001"/>
  <testcase name="testCopyRemoveAllWithReadOnlySetWithSomeContainedKeyShouldReturnNewInstance(SetData)[2]" classname="org.jhotdraw8.collection.champ.ChampImmutableSetTest" time="0"/>
  <testcase name="testCopyRemoveAllWithReadOnlySetWithSomeContainedKeyShouldReturnNewInstance(SetData)[3]" classname="org.jhotdraw8.collection.champ.ChampImmutableSetTest" time="0"/>
  <testcase name="testCopyRemoveAllWithReadOnlySetWithSomeContainedKeyShouldReturnNewInstance(SetData)[4]" classname="org.jhotdraw8.collection.champ.ChampImmutableSetTest" time="0"/>
  <testcase name="testEqualsWithNullShouldYieldFalse(SetData)[1]" classname="org.jhotdraw8.collection.champ.ChampImmutableSetTest" time="0"/>
  <testcase name="testEqualsWithNullShouldYieldFalse(SetData)[2]" classname="org.jhotdraw8.collection.champ.ChampImmutableSetTest" time="0"/>
  <testcase name="testEqualsWithNullShouldYieldFalse(SetData)[3]" classname="org.jhotdraw8.collection.champ.ChampImmutableSetTest" time="0.001"/>
  <testcase name="testEqualsWithNullShouldYieldFalse(SetData)[4]" classname="org.jhotdraw8.collection.champ.ChampImmutableSetTest" time="0"/>
  <testcase name="testToMutableAddAllWithSameTypeAndAllNewKeysShouldReturnTrue(SetData)[1]" classname="org.jhotdraw8.collection.champ.ChampImmutableSetTest" time="0.001"/>
  <testcase name="testToMutableAddAllWithSameTypeAndAllNewKeysShouldReturnTrue(SetData)[2]" classname="org.jhotdraw8.collection.champ.ChampImmutableSetTest" time="0"/>
  <testcase name="testToMutableAddAllWithSameTypeAndAllNewKeysShouldReturnTrue(SetData)[3]" classname="org.jhotdraw8.collection.champ.ChampImmutableSetTest" time="0.001"/>
  <testcase name="testToMutableAddAllWithSameTypeAndAllNewKeysShouldReturnTrue(SetData)[4]" classname="org.jhotdraw8.collection.champ.ChampImmutableSetTest" time="0.001"/>
  <testcase name="testCopyRemoveWithContainedKeyShouldReturnNewInstance(SetData)[1]" classname="org.jhotdraw8.collection.champ.ChampImmutableSetTest" time="0.001"/>
  <testcase name="testCopyRemoveWithContainedKeyShouldReturnNewInstance(SetData)[2]" classname="org.jhotdraw8.collection.champ.ChampImmutableSetTest" time="0.001"/>
  <testcase name="testCopyRemoveWithContainedKeyShouldReturnNewInstance(SetData)[3]" classname="org.jhotdraw8.collection.champ.ChampImmutableSetTest" time="0.002"/>
  <testcase name="testCopyRemoveWithContainedKeyShouldReturnNewInstance(SetData)[4]" classname="org.jhotdraw8.collection.champ.ChampImmutableSetTest" time="0.001"/>
  <testcase name="testCopyAddAllWithCloneShouldReturnSameInstance(SetData)[1]" classname="org.jhotdraw8.collection.champ.ChampImmutableSetTest" time="0.001"/>
  <testcase name="testCopyAddAllWithCloneShouldReturnSameInstance(SetData)[2]" classname="org.jhotdraw8.collection.champ.ChampImmutableSetTest" time="0"/>
  <testcase name="testCopyAddAllWithCloneShouldReturnSameInstance(SetData)[3]" classname="org.jhotdraw8.collection.champ.ChampImmutableSetTest" time="0"/>
  <testcase name="testCopyAddAllWithCloneShouldReturnSameInstance(SetData)[4]" classname="org.jhotdraw8.collection.champ.ChampImmutableSetTest" time="0.001"/>
  <testcase name="testCopyAddAllWithSomeNewKeysShouldReturnNewInstance(SetData)[1]" classname="org.jhotdraw8.collection.champ.ChampImmutableSetTest" time="0.001"/>
  <testcase name="testCopyAddAllWithSomeNewKeysShouldReturnNewInstance(SetData)[2]" classname="org.jhotdraw8.collection.champ.ChampImmutableSetTest" time="0"/>
  <testcase name="testCopyAddAllWithSomeNewKeysShouldReturnNewInstance(SetData)[3]" classname="org.jhotdraw8.collection.champ.ChampImmutableSetTest" time="0"/>
  <testcase name="testCopyAddAllWithSomeNewKeysShouldReturnNewInstance(SetData)[4]" classname="org.jhotdraw8.collection.champ.ChampImmutableSetTest" time="0"/>
  <testcase name="testEqualsWithObjectShouldYieldFalse(SetData)[1]" classname="org.jhotdraw8.collection.champ.ChampImmutableSetTest" time="0.001"/>
  <testcase name="testEqualsWithObjectShouldYieldFalse(SetData)[2]" classname="org.jhotdraw8.collection.champ.ChampImmutableSetTest" time="0"/>
  <testcase name="testEqualsWithObjectShouldYieldFalse(SetData)[3]" classname="org.jhotdraw8.collection.champ.ChampImmutableSetTest" time="0"/>
  <testcase name="testEqualsWithObjectShouldYieldFalse(SetData)[4]" classname="org.jhotdraw8.collection.champ.ChampImmutableSetTest" time="0.001"/>
  <testcase name="testCopyAddAllWithCloneToMutableShouldReturnSameInstance(SetData)[1]" classname="org.jhotdraw8.collection.champ.ChampImmutableSetTest" time="0"/>
  <testcase name="testCopyAddAllWithCloneToMutableShouldReturnSameInstance(SetData)[2]" classname="org.jhotdraw8.collection.champ.ChampImmutableSetTest" time="0.001"/>
  <testcase name="testCopyAddAllWithCloneToMutableShouldReturnSameInstance(SetData)[3]" classname="org.jhotdraw8.collection.champ.ChampImmutableSetTest" time="0"/>
  <testcase name="testCopyAddAllWithCloneToMutableShouldReturnSameInstance(SetData)[4]" classname="org.jhotdraw8.collection.champ.ChampImmutableSetTest" time="0"/>
  <testcase name="testNewInstanceNoArgsShouldBeEmpty" classname="org.jhotdraw8.collection.champ.ChampImmutableSetTest" time="0"/>
  <testcase name="testCopyRemoveAllWithContainedKeyShouldReturnNewInstance(SetData)[1]" classname="org.jhotdraw8.collection.champ.ChampImmutableSetTest" time="0"/>
  <testcase name="testCopyRemoveAllWithContainedKeyShouldReturnNewInstance(SetData)[2]" classname="org.jhotdraw8.collection.champ.ChampImmutableSetTest" time="0"/>
  <testcase name="testCopyRemoveAllWithContainedKeyShouldReturnNewInstance(SetData)[3]" classname="org.jhotdraw8.collection.champ.ChampImmutableSetTest" time="0"/>
  <testcase name="testCopyRemoveAllWithContainedKeyShouldReturnNewInstance(SetData)[4]" classname="org.jhotdraw8.collection.champ.ChampImmutableSetTest" time="0"/>
  <testcase name="testSerializationShouldYieldSameSet(SetData)[1]" classname="org.jhotdraw8.collection.champ.ChampImmutableSetTest" time="0.005"/>
  <testcase name="testSerializationShouldYieldSameSet(SetData)[2]" classname="org.jhotdraw8.collection.champ.ChampImmutableSetTest" time="0.001"/>
  <testcase name="testSerializationShouldYieldSameSet(SetData)[3]" classname="org.jhotdraw8.collection.champ.ChampImmutableSetTest" time="0.001"/>
  <testcase name="testSerializationShouldYieldSameSet(SetData)[4]" classname="org.jhotdraw8.collection.champ.ChampImmutableSetTest" time="0.001"/>
  <testcase name="testCopyRetainAllWithEmptySetShouldReturnNewInstance(SetData)[1]" classname="org.jhotdraw8.collection.champ.ChampImmutableSetTest" time="0"/>
  <testcase name="testCopyRetainAllWithEmptySetShouldReturnNewInstance(SetData)[2]" classname="org.jhotdraw8.collection.champ.ChampImmutableSetTest" time="0"/>
  <testcase name="testCopyRetainAllWithEmptySetShouldReturnNewInstance(SetData)[3]" classname="org.jhotdraw8.collection.champ.ChampImmutableSetTest" time="0"/>
  <testcase name="testCopyRetainAllWithEmptySetShouldReturnNewInstance(SetData)[4]" classname="org.jhotdraw8.collection.champ.ChampImmutableSetTest" time="0"/>
  <testcase name="testCopyRemoveAllWithSameTypeWithSomeContainedKeyShouldReturnNewInstance(SetData)[1]" classname="org.jhotdraw8.collection.champ.ChampImmutableSetTest" time="0"/>
  <testcase name="testCopyRemoveAllWithSameTypeWithSomeContainedKeyShouldReturnNewInstance(SetData)[2]" classname="org.jhotdraw8.collection.champ.ChampImmutableSetTest" time="0"/>
  <testcase name="testCopyRemoveAllWithSameTypeWithSomeContainedKeyShouldReturnNewInstance(SetData)[3]" classname="org.jhotdraw8.collection.champ.ChampImmutableSetTest" time="0.001"/>
  <testcase name="testCopyRemoveAllWithSameTypeWithSomeContainedKeyShouldReturnNewInstance(SetData)[4]" classname="org.jhotdraw8.collection.champ.ChampImmutableSetTest" time="0"/>
  <testcase name="testCopyRetainAllOfEmptySetShouldReturnThis(SetData)[1]" classname="org.jhotdraw8.collection.champ.ChampImmutableSetTest" time="0"/>
  <testcase name="testCopyRetainAllOfEmptySetShouldReturnThis(SetData)[2]" classname="org.jhotdraw8.collection.champ.ChampImmutableSetTest" time="0"/>
  <testcase name="testCopyRetainAllOfEmptySetShouldReturnThis(SetData)[3]" classname="org.jhotdraw8.collection.champ.ChampImmutableSetTest" time="0"/>
  <testcase name="testCopyRetainAllOfEmptySetShouldReturnThis(SetData)[4]" classname="org.jhotdraw8.collection.champ.ChampImmutableSetTest" time="0"/>
  <testcase name="testIteratorRemoveShouldThrowUnsupportedOperationException(SetData)[1]" classname="org.jhotdraw8.collection.champ.ChampImmutableSetTest" time="0.001"/>
  <testcase name="testIteratorRemoveShouldThrowUnsupportedOperationException(SetData)[2]" classname="org.jhotdraw8.collection.champ.ChampImmutableSetTest" time="0.002"/>
  <testcase name="testIteratorRemoveShouldThrowUnsupportedOperationException(SetData)[3]" classname="org.jhotdraw8.collection.champ.ChampImmutableSetTest" time="0.005"/>
  <testcase name="testIteratorRemoveShouldThrowUnsupportedOperationException(SetData)[4]" classname="org.jhotdraw8.collection.champ.ChampImmutableSetTest" time="0.001"/>
  <testcase name="testCopyAddAllWithContainedElementsShouldReturnSameInstance(SetData)[1]" classname="org.jhotdraw8.collection.champ.ChampImmutableSetTest" time="0"/>
  <testcase name="testCopyAddAllWithContainedElementsShouldReturnSameInstance(SetData)[2]" classname="org.jhotdraw8.collection.champ.ChampImmutableSetTest" time="0"/>
  <testcase name="testCopyAddAllWithContainedElementsShouldReturnSameInstance(SetData)[3]" classname="org.jhotdraw8.collection.champ.ChampImmutableSetTest" time="0"/>
  <testcase name="testCopyAddAllWithContainedElementsShouldReturnSameInstance(SetData)[4]" classname="org.jhotdraw8.collection.champ.ChampImmutableSetTest" time="0"/>
  <testcase name="testCopyAddWithContainedElementShouldReturnSameInstance(SetData)[1]" classname="org.jhotdraw8.collection.champ.ChampImmutableSetTest" time="0"/>
  <testcase name="testCopyAddWithContainedElementShouldReturnSameInstance(SetData)[2]" classname="org.jhotdraw8.collection.champ.ChampImmutableSetTest" time="0.001"/>
  <testcase name="testCopyAddWithContainedElementShouldReturnSameInstance(SetData)[3]" classname="org.jhotdraw8.collection.champ.ChampImmutableSetTest" time="0.002"/>
  <testcase name="testCopyAddWithContainedElementShouldReturnSameInstance(SetData)[4]" classname="org.jhotdraw8.collection.champ.ChampImmutableSetTest" time="0.001"/>
  <testcase name="testCopyRemoveAllWithNewKeyShouldReturnSameInstance(SetData)[1]" classname="org.jhotdraw8.collection.champ.ChampImmutableSetTest" time="0"/>
  <testcase name="testCopyRemoveAllWithNewKeyShouldReturnSameInstance(SetData)[2]" classname="org.jhotdraw8.collection.champ.ChampImmutableSetTest" time="0"/>
  <testcase name="testCopyRemoveAllWithNewKeyShouldReturnSameInstance(SetData)[3]" classname="org.jhotdraw8.collection.champ.ChampImmutableSetTest" time="0.001"/>
  <testcase name="testCopyRemoveAllWithNewKeyShouldReturnSameInstance(SetData)[4]" classname="org.jhotdraw8.collection.champ.ChampImmutableSetTest" time="0"/>
  <testcase name="testCopyClearShouldBeIdempotent(SetData)[1]" classname="org.jhotdraw8.collection.champ.ChampImmutableSetTest" time="0"/>
  <testcase name="testCopyClearShouldBeIdempotent(SetData)[2]" classname="org.jhotdraw8.collection.champ.ChampImmutableSetTest" time="0.001"/>
  <testcase name="testCopyClearShouldBeIdempotent(SetData)[3]" classname="org.jhotdraw8.collection.champ.ChampImmutableSetTest" time="0"/>
  <testcase name="testCopyClearShouldBeIdempotent(SetData)[4]" classname="org.jhotdraw8.collection.champ.ChampImmutableSetTest" time="0"/>
  <testcase name="testCopyAddAllWithSelfShouldReturnSameInstance(SetData)[1]" classname="org.jhotdraw8.collection.champ.ChampImmutableSetTest" time="0.001"/>
  <testcase name="testCopyAddAllWithSelfShouldReturnSameInstance(SetData)[2]" classname="org.jhotdraw8.collection.champ.ChampImmutableSetTest" time="0"/>
  <testcase name="testCopyAddAllWithSelfShouldReturnSameInstance(SetData)[3]" classname="org.jhotdraw8.collection.champ.ChampImmutableSetTest" time="0"/>
  <testcase name="testCopyAddAllWithSelfShouldReturnSameInstance(SetData)[4]" classname="org.jhotdraw8.collection.champ.ChampImmutableSetTest" time="0"/>
  <testcase name="testCopyRetainAllWithSameTypeAndAllNewKeysShouldReturnNewInstance(SetData)[1]" classname="org.jhotdraw8.collection.champ.ChampImmutableSetTest" time="0"/>
  <testcase name="testCopyRetainAllWithSameTypeAndAllNewKeysShouldReturnNewInstance(SetData)[2]" classname="org.jhotdraw8.collection.champ.ChampImmutableSetTest" time="0"/>
  <testcase name="testCopyRetainAllWithSameTypeAndAllNewKeysShouldReturnNewInstance(SetData)[3]" classname="org.jhotdraw8.collection.champ.ChampImmutableSetTest" time="0"/>
  <testcase name="testCopyRetainAllWithSameTypeAndAllNewKeysShouldReturnNewInstance(SetData)[4]" classname="org.jhotdraw8.collection.champ.ChampImmutableSetTest" time="0.001"/>
  <testcase name="testCopyRetainAllWithSameTypeAndSomeNewKeysShouldReturnNewInstance(SetData)[1]" classname="org.jhotdraw8.collection.champ.ChampImmutableSetTest" time="0.001"/>
  <testcase name="testCopyRetainAllWithSameTypeAndSomeNewKeysShouldReturnNewInstance(SetData)[2]" classname="org.jhotdraw8.collection.champ.ChampImmutableSetTest" time="0"/>
  <testcase name="testCopyRetainAllWithSameTypeAndSomeNewKeysShouldReturnNewInstance(SetData)[3]" classname="org.jhotdraw8.collection.champ.ChampImmutableSetTest" time="0"/>
  <testcase name="testCopyRetainAllWithSameTypeAndSomeNewKeysShouldReturnNewInstance(SetData)[4]" classname="org.jhotdraw8.collection.champ.ChampImmutableSetTest" time="0"/>
  <testcase name="testCopyRetainAllWithNewElementsShouldReturnNewInstance(SetData)[1]" classname="org.jhotdraw8.collection.champ.ChampImmutableSetTest" time="0.001"/>
  <testcase name="testCopyRetainAllWithNewElementsShouldReturnNewInstance(SetData)[2]" classname="org.jhotdraw8.collection.champ.ChampImmutableSetTest" time="0"/>
  <testcase name="testCopyRetainAllWithNewElementsShouldReturnNewInstance(SetData)[3]" classname="org.jhotdraw8.collection.champ.ChampImmutableSetTest" time="0"/>
  <testcase name="testCopyRetainAllWithNewElementsShouldReturnNewInstance(SetData)[4]" classname="org.jhotdraw8.collection.champ.ChampImmutableSetTest" time="0.001"/>
  <testcase name="testCopyAddAllWithSameTypeAndSomeNewKeysShouldReturnNewInstance(SetData)[1]" classname="org.jhotdraw8.collection.champ.ChampImmutableSetTest" time="0"/>
  <testcase name="testCopyAddAllWithSameTypeAndSomeNewKeysShouldReturnNewInstance(SetData)[2]" classname="org.jhotdraw8.collection.champ.ChampImmutableSetTest" time="0"/>
  <testcase name="testCopyAddAllWithSameTypeAndSomeNewKeysShouldReturnNewInstance(SetData)[3]" classname="org.jhotdraw8.collection.champ.ChampImmutableSetTest" time="0"/>
  <testcase name="testCopyAddAllWithSameTypeAndSomeNewKeysShouldReturnNewInstance(SetData)[4]" classname="org.jhotdraw8.collection.champ.ChampImmutableSetTest" time="0"/>
  <testcase name="testEqualWithThisShouldYieldTrue(SetData)[1]" classname="org.jhotdraw8.collection.champ.ChampImmutableSetTest" time="0"/>
  <testcase name="testEqualWithThisShouldYieldTrue(SetData)[2]" classname="org.jhotdraw8.collection.champ.ChampImmutableSetTest" time="0"/>
  <testcase name="testEqualWithThisShouldYieldTrue(SetData)[3]" classname="org.jhotdraw8.collection.champ.ChampImmutableSetTest" time="0"/>
  <testcase name="testEqualWithThisShouldYieldTrue(SetData)[4]" classname="org.jhotdraw8.collection.champ.ChampImmutableSetTest" time="0"/>
  <testcase name="testCopyClearShouldYieldEmptySet(SetData)[1]" classname="org.jhotdraw8.collection.champ.ChampImmutableSetTest" time="0"/>
  <testcase name="testCopyClearShouldYieldEmptySet(SetData)[2]" classname="org.jhotdraw8.collection.champ.ChampImmutableSetTest" time="0"/>
  <testcase name="testCopyClearShouldYieldEmptySet(SetData)[3]" classname="org.jhotdraw8.collection.champ.ChampImmutableSetTest" time="0.001"/>
  <testcase name="testCopyClearShouldYieldEmptySet(SetData)[4]" classname="org.jhotdraw8.collection.champ.ChampImmutableSetTest" time="0.001"/>
  <testcase name="testNewInstanceReadOnlySetArgsWithMutableSetArgsOfSameTypeShouldBeEqualToSet(SetData)[1]" classname="org.jhotdraw8.collection.champ.ChampImmutableSetTest" time="0"/>
  <testcase name="testNewInstanceReadOnlySetArgsWithMutableSetArgsOfSameTypeShouldBeEqualToSet(SetData)[2]" classname="org.jhotdraw8.collection.champ.ChampImmutableSetTest" time="0"/>
  <testcase name="testNewInstanceReadOnlySetArgsWithMutableSetArgsOfSameTypeShouldBeEqualToSet(SetData)[3]" classname="org.jhotdraw8.collection.champ.ChampImmutableSetTest" time="0"/>
  <testcase name="testNewInstanceReadOnlySetArgsWithMutableSetArgsOfSameTypeShouldBeEqualToSet(SetData)[4]" classname="org.jhotdraw8.collection.champ.ChampImmutableSetTest" time="0"/>
  <testcase name="testNewInstanceReadOnlySetArgShouldBeEqualToArg(SetData)[1]" classname="org.jhotdraw8.collection.champ.ChampImmutableSetTest" time="0"/>
  <testcase name="testNewInstanceReadOnlySetArgShouldBeEqualToArg(SetData)[2]" classname="org.jhotdraw8.collection.champ.ChampImmutableSetTest" time="0"/>
  <testcase name="testNewInstanceReadOnlySetArgShouldBeEqualToArg(SetData)[3]" classname="org.jhotdraw8.collection.champ.ChampImmutableSetTest" time="0.001"/>
  <testcase name="testNewInstanceReadOnlySetArgShouldBeEqualToArg(SetData)[4]" classname="org.jhotdraw8.collection.champ.ChampImmutableSetTest" time="0"/>
  <testcase name="testNewInstanceSetArgsShouldBeEqualToSet(SetData)[1]" classname="org.jhotdraw8.collection.champ.ChampImmutableSetTest" time="0.001"/>
  <testcase name="testNewInstanceSetArgsShouldBeEqualToSet(SetData)[2]" classname="org.jhotdraw8.collection.champ.ChampImmutableSetTest" time="0"/>
  <testcase name="testNewInstanceSetArgsShouldBeEqualToSet(SetData)[3]" classname="org.jhotdraw8.collection.champ.ChampImmutableSetTest" time="0"/>
  <testcase name="testNewInstanceSetArgsShouldBeEqualToSet(SetData)[4]" classname="org.jhotdraw8.collection.champ.ChampImmutableSetTest" time="0"/>
  <testcase name="testCopyRetainAllWithCloneShouldReturnThis(SetData)[1]" classname="org.jhotdraw8.collection.champ.ChampImmutableSetTest" time="0.001"/>
  <testcase name="testCopyRetainAllWithCloneShouldReturnThis(SetData)[2]" classname="org.jhotdraw8.collection.champ.ChampImmutableSetTest" time="0"/>
  <testcase name="testCopyRetainAllWithCloneShouldReturnThis(SetData)[3]" classname="org.jhotdraw8.collection.champ.ChampImmutableSetTest" time="0"/>
  <testcase name="testCopyRetainAllWithCloneShouldReturnThis(SetData)[4]" classname="org.jhotdraw8.collection.champ.ChampImmutableSetTest" time="0.001"/>
  <testcase name="testContainsShouldYieldExpectedValue(SetData)[1]" classname="org.jhotdraw8.collection.champ.ChampImmutableSetTest" time="0"/>
  <testcase name="testContainsShouldYieldExpectedValue(SetData)[2]" classname="org.jhotdraw8.collection.champ.ChampImmutableSetTest" time="0"/>
  <testcase name="testContainsShouldYieldExpectedValue(SetData)[3]" classname="org.jhotdraw8.collection.champ.ChampImmutableSetTest" time="0"/>
  <testcase name="testContainsShouldYieldExpectedValue(SetData)[4]" classname="org.jhotdraw8.collection.champ.ChampImmutableSetTest" time="0"/>
  <testcase name="testCopyAddAllWithSameTypeAndAllNewKeysShouldReturnNewInstance(SetData)[1]" classname="org.jhotdraw8.collection.champ.ChampImmutableSetTest" time="0"/>
  <testcase name="testCopyAddAllWithSameTypeAndAllNewKeysShouldReturnNewInstance(SetData)[2]" classname="org.jhotdraw8.collection.champ.ChampImmutableSetTest" time="0.001"/>
  <testcase name="testCopyAddAllWithSameTypeAndAllNewKeysShouldReturnNewInstance(SetData)[3]" classname="org.jhotdraw8.collection.champ.ChampImmutableSetTest" time="0"/>
  <testcase name="testCopyAddAllWithSameTypeAndAllNewKeysShouldReturnNewInstance(SetData)[4]" classname="org.jhotdraw8.collection.champ.ChampImmutableSetTest" time="0"/>
  <testcase name="testToStringShouldContainAllElements(SetData)[1]" classname="org.jhotdraw8.collection.champ.ChampImmutableSetTest" time="0.001"/>
  <testcase name="testToStringShouldContainAllElements(SetData)[2]" classname="org.jhotdraw8.collection.champ.ChampImmutableSetTest" time="0"/>
  <testcase name="testToStringShouldContainAllElements(SetData)[3]" classname="org.jhotdraw8.collection.champ.ChampImmutableSetTest" time="0"/>
  <testcase name="testToStringShouldContainAllElements(SetData)[4]" classname="org.jhotdraw8.collection.champ.ChampImmutableSetTest" time="0"/>
  <testcase name="testCopyAddAllWithNewElementsShouldReturnNewInstance(SetData)[1]" classname="org.jhotdraw8.collection.champ.ChampImmutableSetTest" time="0.001"/>
  <testcase name="testCopyAddAllWithNewElementsShouldReturnNewInstance(SetData)[2]" classname="org.jhotdraw8.collection.champ.ChampImmutableSetTest" time="0"/>
  <testcase name="testCopyAddAllWithNewElementsShouldReturnNewInstance(SetData)[3]" classname="org.jhotdraw8.collection.champ.ChampImmutableSetTest" time="0.001"/>
  <testcase name="testCopyAddAllWithNewElementsShouldReturnNewInstance(SetData)[4]" classname="org.jhotdraw8.collection.champ.ChampImmutableSetTest" time="0"/>
  <testcase name="testCopyAddAllWithSameTypeToMutableAndAllNewKeysShouldReturnNewInstance(SetData)[1]" classname="org.jhotdraw8.collection.champ.ChampImmutableSetTest" time="0"/>
  <testcase name="testCopyAddAllWithSameTypeToMutableAndAllNewKeysShouldReturnNewInstance(SetData)[2]" classname="org.jhotdraw8.collection.champ.ChampImmutableSetTest" time="0"/>
  <testcase name="testCopyAddAllWithSameTypeToMutableAndAllNewKeysShouldReturnNewInstance(SetData)[3]" classname="org.jhotdraw8.collection.champ.ChampImmutableSetTest" time="0"/>
  <testcase name="testCopyAddAllWithSameTypeToMutableAndAllNewKeysShouldReturnNewInstance(SetData)[4]" classname="org.jhotdraw8.collection.champ.ChampImmutableSetTest" time="0"/>
  <testcase name="testCopyRetainAllWithSelfShouldReturnThis(SetData)[1]" classname="org.jhotdraw8.collection.champ.ChampImmutableSetTest" time="0"/>
  <testcase name="testCopyRetainAllWithSelfShouldReturnThis(SetData)[2]" classname="org.jhotdraw8.collection.champ.ChampImmutableSetTest" time="0"/>
  <testcase name="testCopyRetainAllWithSelfShouldReturnThis(SetData)[3]" classname="org.jhotdraw8.collection.champ.ChampImmutableSetTest" time="0"/>
  <testcase name="testCopyRetainAllWithSelfShouldReturnThis(SetData)[4]" classname="org.jhotdraw8.collection.champ.ChampImmutableSetTest" time="0"/>
  <testcase name="testCopyRemoveWithNewElementShouldReturnSameInstance(SetData)[1]" classname="org.jhotdraw8.collection.champ.ChampImmutableSetTest" time="0.001"/>
  <testcase name="testCopyRemoveWithNewElementShouldReturnSameInstance(SetData)[2]" classname="org.jhotdraw8.collection.champ.ChampImmutableSetTest" time="0.001"/>
  <testcase name="testCopyRemoveWithNewElementShouldReturnSameInstance(SetData)[3]" classname="org.jhotdraw8.collection.champ.ChampImmutableSetTest" time="0.001"/>
  <testcase name="testCopyRemoveWithNewElementShouldReturnSameInstance(SetData)[4]" classname="org.jhotdraw8.collection.champ.ChampImmutableSetTest" time="0.001"/>
  <testcase name="testOfArrayArgShouldYieldExpectedResult(SetData)[1]" classname="org.jhotdraw8.collection.champ.ChampImmutableSetTest" time="0.001"/>
  <testcase name="testOfArrayArgShouldYieldExpectedResult(SetData)[2]" classname="org.jhotdraw8.collection.champ.ChampImmutableSetTest" time="0"/>
  <testcase name="testOfArrayArgShouldYieldExpectedResult(SetData)[3]" classname="org.jhotdraw8.collection.champ.ChampImmutableSetTest" time="0"/>
  <testcase name="testOfArrayArgShouldYieldExpectedResult(SetData)[4]" classname="org.jhotdraw8.collection.champ.ChampImmutableSetTest" time="0"/>
  <testcase name="testToMutableAddAllWithImmutableTypeAndAllNewKeysShouldReturnTrue(SetData)[1]" classname="org.jhotdraw8.collection.champ.ChampImmutableSetTest" time="0"/>
  <testcase name="testToMutableAddAllWithImmutableTypeAndAllNewKeysShouldReturnTrue(SetData)[2]" classname="org.jhotdraw8.collection.champ.ChampImmutableSetTest" time="0.001"/>
  <testcase name="testToMutableAddAllWithImmutableTypeAndAllNewKeysShouldReturnTrue(SetData)[3]" classname="org.jhotdraw8.collection.champ.ChampImmutableSetTest" time="0.001"/>
  <testcase name="testToMutableAddAllWithImmutableTypeAndAllNewKeysShouldReturnTrue(SetData)[4]" classname="org.jhotdraw8.collection.champ.ChampImmutableSetTest" time="0.001"/>
</testsuite>